PRAGMA foreign_keys = ON
📊 Инициализация базы данных...
CREATE TABLE IF NOT EXISTS users (
            id INTEGER PRIMARY KEY,
            telegram_id INTEGER UNIQUE NOT NULL,
            username TEXT,
            first_name TEXT,
            last_name TEXT,
            phone_number TEXT,
            created_at DATETIME DEFAULT CURRENT_TIMESTAMP,
            updated_at DATETIME DEFAULT CURRENT_TIMESTAMP
        )
    
CREATE TABLE IF NOT EXISTS orders (
            id INTEGER PRIMARY KEY AUTOINCREMENT,
            user_id INTEGER NOT NULL,
            order_number TEXT UNIQUE NOT NULL,
            status TEXT DEFAULT 'new',
            total_amount REAL NOT NULL,
            promo_code TEXT,
            discount_amount REAL DEFAULT 0,
            notes TEXT,
            created_at DATETIME DEFAULT CURRENT_TIMESTAMP,
            updated_at DATETIME DEFAULT CURRENT_TIMESTAMP,
            FOREIGN KEY (user_id) REFERENCES users(id)
        )
    
CREATE TABLE IF NOT EXISTS order_items (
            id INTEGER PRIMARY KEY AUTOINCREMENT,
            order_id INTEGER NOT NULL,
            product_id INTEGER NOT NULL,
            product_name TEXT NOT NULL,
            product_price REAL NOT NULL,
            quantity INTEGER NOT NULL,
            subtotal REAL NOT NULL,
            FOREIGN KEY (order_id) REFERENCES orders(id) ON DELETE CASCADE
        )
    
CREATE TABLE IF NOT EXISTS promo_codes (
            id INTEGER PRIMARY KEY AUTOINCREMENT,
            code TEXT UNIQUE NOT NULL,
            discount_type TEXT NOT NULL,
            discount_value REAL NOT NULL,
            min_order_amount REAL DEFAULT 0,
            max_uses INTEGER,
            used_count INTEGER DEFAULT 0,
            expires_at DATETIME,
            is_active BOOLEAN DEFAULT 1,
            created_at DATETIME DEFAULT CURRENT_TIMESTAMP
        )
    
CREATE TABLE IF NOT EXISTS promo_usage (
            id INTEGER PRIMARY KEY AUTOINCREMENT,
            promo_code_id INTEGER NOT NULL,
            user_id INTEGER NOT NULL,
            order_id INTEGER NOT NULL,
            used_at DATETIME DEFAULT CURRENT_TIMESTAMP,
            FOREIGN KEY (promo_code_id) REFERENCES promo_codes(id),
            FOREIGN KEY (user_id) REFERENCES users(id),
            FOREIGN KEY (order_id) REFERENCES orders(id)
        )
    
CREATE INDEX IF NOT EXISTS idx_orders_user_id ON orders(user_id);
CREATE INDEX IF NOT EXISTS idx_orders_status ON orders(status);
CREATE INDEX IF NOT EXISTS idx_orders_created_at ON orders(created_at);
CREATE INDEX IF NOT EXISTS idx_order_items_order_id ON order_items(order_id);
✅ База данных инициализирована успешно!
🚀 Бот запущен!
🌐 Веб-сервер работает на порту 3000
📱 Web App URL: https://unimmaculately-unogled-savanna.ngrok-free.dev -> http://localhost:3000
🔒 Безопасность: Rate limiting, CORS, Headers, Validation ✓
Reading products from: /Users/nxdms/Desktop/techbot/public/products.json
Loaded products count: 5
Returning products count: 5
Reading products from: /Users/nxdms/Desktop/techbot/public/products.json
Loaded products count: 5
Returning products count: 5
Reading products from: /Users/nxdms/Desktop/techbot/public/products.json
Loaded products count: 5
Returning products count: 5
Reading products from: /Users/nxdms/Desktop/techbot/public/products.json
Loaded products count: 5
Returning products count: 5
Reading products from: /Users/nxdms/Desktop/techbot/public/products.json
Loaded products count: 5
Returning products count: 5
Reading products from: /Users/nxdms/Desktop/techbot/public/products.json
Loaded products count: 5
Returning products count: 5
Reading products from: /Users/nxdms/Desktop/techbot/public/products.json
Loaded products count: 5
Returning products count: 5
Reading products from: /Users/nxdms/Desktop/techbot/public/products.json
Loaded products count: 5
Returning products count: 5
Reading products from: /Users/nxdms/Desktop/techbot/public/products.json
Loaded products count: 5
Returning products count: 5
Reading products from: /Users/nxdms/Desktop/techbot/public/products.json
Loaded products count: 5
Returning products count: 5
Reading products from: /Users/nxdms/Desktop/techbot/public/products.json
Loaded products count: 5
Returning products count: 5
Reading products from: /Users/nxdms/Desktop/techbot/public/products.json
Loaded products count: 5
Returning products count: 5
Reading products from: /Users/nxdms/Desktop/techbot/public/products.json
Loaded products count: 5
Returning products count: 5
Reading products from: /Users/nxdms/Desktop/techbot/public/products.json
Loaded products count: 5
Returning products count: 5
[2025-11-19T10:33:58.953Z] Ошибка polling: EFATAL
Reading products from: /Users/nxdms/Desktop/techbot/public/products.json
Loaded products count: 5
Returning products count: 5
[2025-11-19T12:44:03.544Z] Ошибка polling: ETELEGRAM
[2025-11-19T12:44:10.949Z] Ошибка polling: ETELEGRAM
[2025-11-19T12:44:18.330Z] Ошибка polling: ETELEGRAM
[2025-11-19T12:44:25.705Z] Ошибка polling: ETELEGRAM
[2025-11-19T12:44:33.066Z] Ошибка polling: ETELEGRAM
[2025-11-19T12:44:40.499Z] Ошибка polling: ETELEGRAM
[2025-11-19T12:44:47.905Z] Ошибка polling: ETELEGRAM
[2025-11-19T12:44:55.258Z] Ошибка polling: ETELEGRAM
[2025-11-19T12:45:02.685Z] Ошибка polling: ETELEGRAM
[2025-11-19T12:45:10.038Z] Ошибка polling: ETELEGRAM
[2025-11-19T12:45:17.406Z] Ошибка polling: ETELEGRAM
[2025-11-19T12:45:24.795Z] Ошибка polling: ETELEGRAM
[2025-11-19T12:45:32.223Z] Ошибка polling: ETELEGRAM
[2025-11-19T12:45:39.817Z] Ошибка polling: ETELEGRAM
[2025-11-19T12:45:47.161Z] Ошибка polling: ETELEGRAM
[2025-11-19T12:45:54.544Z] Ошибка polling: ETELEGRAM
[2025-11-19T12:46:02.089Z] Ошибка polling: ETELEGRAM
[2025-11-19T12:46:09.554Z] Ошибка polling: ETELEGRAM
[2025-11-19T12:46:17.564Z] Ошибка polling: ETELEGRAM
[2025-11-19T12:46:24.909Z] Ошибка polling: ETELEGRAM
[2025-11-19T12:46:32.259Z] Ошибка polling: ETELEGRAM
[2025-11-19T12:46:39.674Z] Ошибка polling: ETELEGRAM
[2025-11-19T12:46:46.998Z] Ошибка polling: ETELEGRAM
[2025-11-19T12:46:54.403Z] Ошибка polling: ETELEGRAM
[2025-11-19T12:47:01.795Z] Ошибка polling: ETELEGRAM
[2025-11-19T12:47:09.369Z] Ошибка polling: ETELEGRAM
[2025-11-19T12:47:17.114Z] Ошибка polling: ETELEGRAM
[2025-11-19T12:47:24.680Z] Ошибка polling: ETELEGRAM
[2025-11-19T12:47:32.009Z] Ошибка polling: ETELEGRAM
[2025-11-19T12:47:39.308Z] Ошибка polling: ETELEGRAM
[2025-11-19T12:47:46.637Z] Ошибка polling: ETELEGRAM
[2025-11-19T12:47:56.438Z] Ошибка polling: ETELEGRAM
[2025-11-19T12:48:04.947Z] Ошибка polling: ETELEGRAM
[2025-11-19T12:48:13.045Z] Ошибка polling: ETELEGRAM
[2025-11-19T12:48:21.112Z] Ошибка polling: ETELEGRAM
[2025-11-19T12:48:29.192Z] Ошибка polling: ETELEGRAM
[2025-11-19T12:48:37.216Z] Ошибка polling: ETELEGRAM
[2025-11-19T12:48:45.374Z] Ошибка polling: ETELEGRAM
[2025-11-19T12:48:53.496Z] Ошибка polling: ETELEGRAM
[2025-11-19T12:49:01.617Z] Ошибка polling: ETELEGRAM
[2025-11-19T12:49:09.710Z] Ошибка polling: ETELEGRAM
[2025-11-19T12:49:17.921Z] Ошибка polling: ETELEGRAM
[2025-11-19T12:49:26.025Z] Ошибка polling: ETELEGRAM
[2025-11-19T12:49:34.277Z] Ошибка polling: ETELEGRAM
[2025-11-19T12:49:42.337Z] Ошибка polling: ETELEGRAM
[2025-11-19T12:49:50.581Z] Ошибка polling: ETELEGRAM
[2025-11-19T12:49:58.755Z] Ошибка polling: ETELEGRAM
[2025-11-19T12:50:06.771Z] Ошибка polling: ETELEGRAM
[2025-11-19T12:50:14.807Z] Ошибка polling: ETELEGRAM
[2025-11-19T12:50:22.961Z] Ошибка polling: ETELEGRAM
[2025-11-19T12:50:31.000Z] Ошибка polling: ETELEGRAM
[2025-11-19T12:50:39.390Z] Ошибка polling: ETELEGRAM
[2025-11-19T12:50:47.401Z] Ошибка polling: ETELEGRAM
[2025-11-19T12:50:55.436Z] Ошибка polling: ETELEGRAM
[2025-11-19T12:51:03.470Z] Ошибка polling: ETELEGRAM
[2025-11-19T12:51:11.629Z] Ошибка polling: ETELEGRAM
[2025-11-19T12:51:19.630Z] Ошибка polling: ETELEGRAM
[2025-11-19T12:51:27.616Z] Ошибка polling: ETELEGRAM
[2025-11-19T12:51:35.611Z] Ошибка polling: ETELEGRAM
[2025-11-19T12:51:43.621Z] Ошибка polling: ETELEGRAM
[2025-11-19T12:51:51.731Z] Ошибка polling: ETELEGRAM
[2025-11-19T12:51:59.726Z] Ошибка polling: ETELEGRAM
[2025-11-19T12:52:07.748Z] Ошибка polling: ETELEGRAM
[2025-11-19T12:52:15.827Z] Ошибка polling: ETELEGRAM
[2025-11-19T12:52:24.152Z] Ошибка polling: ETELEGRAM
[2025-11-19T12:52:32.151Z] Ошибка polling: ETELEGRAM
[2025-11-19T12:52:40.156Z] Ошибка polling: ETELEGRAM
[2025-11-19T12:52:48.151Z] Ошибка polling: ETELEGRAM
[2025-11-19T12:52:56.146Z] Ошибка polling: ETELEGRAM
[2025-11-19T12:59:38.768Z] Ошибка polling: ETELEGRAM
[2025-11-19T12:59:46.817Z] Ошибка polling: ETELEGRAM
[2025-11-19T12:59:54.940Z] Ошибка polling: ETELEGRAM
[2025-11-19T13:00:03.373Z] Ошибка polling: ETELEGRAM
[2025-11-19T13:00:11.349Z] Ошибка polling: ETELEGRAM
[2025-11-19T13:00:19.343Z] Ошибка polling: ETELEGRAM
[2025-11-19T13:00:27.321Z] Ошибка polling: ETELEGRAM
[2025-11-19T13:00:35.371Z] Ошибка polling: ETELEGRAM
[2025-11-19T13:00:43.356Z] Ошибка polling: ETELEGRAM
[2025-11-19T13:00:51.372Z] Ошибка polling: ETELEGRAM
[2025-11-19T13:00:59.366Z] Ошибка polling: ETELEGRAM
[2025-11-19T13:01:07.458Z] Ошибка polling: ETELEGRAM
[2025-11-19T13:01:15.628Z] Ошибка polling: ETELEGRAM
[2025-11-19T13:01:23.621Z] Ошибка polling: ETELEGRAM
[2025-11-19T13:01:32.076Z] Ошибка polling: ETELEGRAM
[2025-11-19T13:01:40.781Z] Ошибка polling: ETELEGRAM
[2025-11-19T13:01:48.766Z] Ошибка polling: ETELEGRAM
[2025-11-19T13:01:56.750Z] Ошибка polling: ETELEGRAM
[2025-11-19T13:02:04.726Z] Ошибка polling: ETELEGRAM
[2025-11-19T13:02:12.704Z] Ошибка polling: ETELEGRAM
[2025-11-19T13:02:20.692Z] Ошибка polling: ETELEGRAM
[2025-11-19T13:02:28.735Z] Ошибка polling: ETELEGRAM
[2025-11-19T13:02:36.738Z] Ошибка polling: ETELEGRAM
[2025-11-19T13:02:44.728Z] Ошибка polling: ETELEGRAM
[2025-11-19T13:02:52.743Z] Ошибка polling: ETELEGRAM
[2025-11-19T13:03:00.717Z] Ошибка polling: ETELEGRAM
[2025-11-19T13:03:08.727Z] Ошибка polling: ETELEGRAM
[2025-11-19T13:03:16.721Z] Ошибка polling: ETELEGRAM
[2025-11-19T13:06:16.399Z] Ошибка polling: ETELEGRAM
[2025-11-19T13:06:24.463Z] Ошибка polling: ETELEGRAM
[2025-11-19T13:06:32.491Z] Ошибка polling: ETELEGRAM
[2025-11-19T13:06:41.088Z] Ошибка polling: ETELEGRAM
[2025-11-19T13:06:49.147Z] Ошибка polling: ETELEGRAM
[2025-11-19T13:06:57.247Z] Ошибка polling: ETELEGRAM
[2025-11-19T13:07:05.746Z] Ошибка polling: ETELEGRAM
[2025-11-19T13:07:13.949Z] Ошибка polling: ETELEGRAM
[2025-11-19T13:07:22.017Z] Ошибка polling: ETELEGRAM
[2025-11-19T13:07:30.300Z] Ошибка polling: ETELEGRAM
Ошибка отправки сообщения: ETELEGRAM: 400 Bad Request: keyboard button Web App URL 'https://unimmaculately-unogled-savanna.ngrok-free.dev -> http://localhost:3000' is invalid: Wrong port number specified in the URL
[2025-11-19T13:07:38.739Z] Ошибка polling: ETELEGRAM
[2025-11-19T13:07:46.911Z] Ошибка polling: ETELEGRAM
[2025-11-19T13:07:55.012Z] Ошибка polling: ETELEGRAM
[2025-11-19T13:08:03.101Z] Ошибка polling: ETELEGRAM
[2025-11-19T13:08:11.438Z] Ошибка polling: ETELEGRAM
[2025-11-19T13:08:19.662Z] Ошибка polling: ETELEGRAM
[2025-11-19T13:08:27.896Z] Ошибка polling: ETELEGRAM
[2025-11-19T13:08:35.942Z] Ошибка polling: ETELEGRAM
[2025-11-19T13:08:44.460Z] Ошибка polling: ETELEGRAM
[2025-11-19T13:08:52.678Z] Ошибка polling: ETELEGRAM
[2025-11-19T13:09:02.232Z] Ошибка polling: ETELEGRAM
[2025-11-19T13:09:10.369Z] Ошибка polling: ETELEGRAM
[2025-11-19T13:09:18.866Z] Ошибка polling: ETELEGRAM
[2025-11-19T13:09:27.263Z] Ошибка polling: ETELEGRAM
[2025-11-19T13:09:35.408Z] Ошибка polling: ETELEGRAM
[2025-11-19T13:09:43.814Z] Ошибка polling: ETELEGRAM
[2025-11-19T13:09:51.897Z] Ошибка polling: ETELEGRAM
[2025-11-19T13:10:00.159Z] Ошибка polling: ETELEGRAM
[2025-11-19T13:10:08.411Z] Ошибка polling: ETELEGRAM
[2025-11-19T13:10:16.738Z] Ошибка polling: ETELEGRAM
[2025-11-19T13:10:25.249Z] Ошибка polling: ETELEGRAM
[2025-11-19T13:10:33.711Z] Ошибка polling: ETELEGRAM
[2025-11-19T13:10:42.615Z] Ошибка polling: ETELEGRAM
[2025-11-19T13:10:51.472Z] Ошибка polling: ETELEGRAM
[2025-11-19T13:10:59.859Z] Ошибка polling: ETELEGRAM
[2025-11-19T13:11:08.746Z] Ошибка polling: ETELEGRAM
Ошибка отправки сообщения: ETELEGRAM: 400 Bad Request: keyboard button Web App URL 'https://unimmaculately-unogled-savanna.ngrok-free.dev -> http://localhost:3000' is invalid: Wrong port number specified in the URL
[2025-11-19T13:11:21.091Z] Ошибка polling: ETELEGRAM
Ошибка отправки сообщения: ETELEGRAM: 400 Bad Request: keyboard button Web App URL 'https://unimmaculately-unogled-savanna.ngrok-free.dev -> http://localhost:3000' is invalid: Wrong port number specified in the URL
[2025-11-19T13:11:29.561Z] Ошибка polling: ETELEGRAM
[2025-11-19T13:11:37.618Z] Ошибка polling: ETELEGRAM
[2025-11-19T13:11:45.701Z] Ошибка polling: ETELEGRAM
[2025-11-19T13:11:53.859Z] Ошибка polling: ETELEGRAM
[2025-11-19T13:12:01.977Z] Ошибка polling: ETELEGRAM
[2025-11-19T13:12:10.051Z] Ошибка polling: ETELEGRAM
[2025-11-19T13:12:18.061Z] Ошибка polling: ETELEGRAM
[2025-11-19T13:12:26.086Z] Ошибка polling: ETELEGRAM
[2025-11-19T13:12:34.348Z] Ошибка polling: ETELEGRAM
[2025-11-19T13:12:42.642Z] Ошибка polling: ETELEGRAM
[2025-11-19T13:12:50.733Z] Ошибка polling: ETELEGRAM
[2025-11-19T13:12:58.924Z] Ошибка polling: ETELEGRAM
[2025-11-19T13:13:07.116Z] Ошибка polling: ETELEGRAM
[2025-11-19T13:13:15.308Z] Ошибка polling: ETELEGRAM
[2025-11-19T13:13:23.500Z] Ошибка polling: ETELEGRAM
[2025-11-19T13:13:31.523Z] Ошибка polling: ETELEGRAM
[2025-11-19T13:13:39.576Z] Ошибка polling: ETELEGRAM
[2025-11-19T13:13:47.671Z] Ошибка polling: ETELEGRAM
[2025-11-19T13:13:56.165Z] Ошибка polling: ETELEGRAM
[2025-11-19T13:14:04.663Z] Ошибка polling: ETELEGRAM
[2025-11-19T13:14:12.753Z] Ошибка polling: ETELEGRAM
[2025-11-19T13:14:20.760Z] Ошибка polling: ETELEGRAM
[2025-11-19T13:14:28.830Z] Ошибка polling: ETELEGRAM
[2025-11-19T13:14:37.001Z] Ошибка polling: ETELEGRAM

        SELECT 
            COUNT(*) as total_orders,
            SUM(total_amount) as total_revenue,
            AVG(total_amount) as avg_order_value,
            COUNT(DISTINCT user_id) as unique_customers
        FROM orders
        WHERE status != 'cancelled'
    

        SELECT status, COUNT(*) as count
        FROM orders
        GROUP BY status
    

        SELECT 
            product_name,
            SUM(quantity) as total_sold,
            SUM(subtotal) as total_revenue,
            COUNT(DISTINCT order_id) as orders_count
        FROM order_items
        GROUP BY product_name
        ORDER BY total_sold DESC
        LIMIT 5.0
    
[2025-11-19T13:14:49.407Z] Ошибка polling: ETELEGRAM

        SELECT 
            COUNT(*) as total_orders,
            SUM(total_amount) as total_revenue,
            AVG(total_amount) as avg_order_value,
            COUNT(DISTINCT user_id) as unique_customers
        FROM orders
        WHERE status != 'cancelled'
    

        SELECT status, COUNT(*) as count
        FROM orders
        GROUP BY status
    

        SELECT 
            product_name,
            SUM(quantity) as total_sold,
            SUM(subtotal) as total_revenue,
            COUNT(DISTINCT order_id) as orders_count
        FROM order_items
        GROUP BY product_name
        ORDER BY total_sold DESC
        LIMIT 5.0
    
[2025-11-19T13:15:00.977Z] Ошибка polling: ETELEGRAM
[2025-11-19T13:15:09.790Z] Ошибка polling: ETELEGRAM
[2025-11-19T13:15:17.873Z] Ошибка polling: ETELEGRAM
[2025-11-19T13:15:25.955Z] Ошибка polling: ETELEGRAM
[2025-11-19T13:15:34.058Z] Ошибка polling: ETELEGRAM
[2025-11-19T13:15:42.137Z] Ошибка polling: ETELEGRAM
[2025-11-19T13:15:50.237Z] Ошибка polling: ETELEGRAM
[2025-11-19T13:15:58.307Z] Ошибка polling: ETELEGRAM
[2025-11-19T13:16:06.519Z] Ошибка polling: ETELEGRAM
[2025-11-19T13:16:14.998Z] Ошибка polling: ETELEGRAM
[2025-11-19T13:16:24.005Z] Ошибка polling: ETELEGRAM
[2025-11-19T13:16:32.577Z] Ошибка polling: ETELEGRAM
[2025-11-19T13:16:41.055Z] Ошибка polling: ETELEGRAM
[2025-11-19T13:16:49.090Z] Ошибка polling: ETELEGRAM
[2025-11-19T13:16:57.096Z] Ошибка polling: ETELEGRAM
[2025-11-19T13:17:05.193Z] Ошибка polling: ETELEGRAM
[2025-11-19T13:17:13.234Z] Ошибка polling: ETELEGRAM
[2025-11-19T13:17:21.247Z] Ошибка polling: ETELEGRAM
[2025-11-19T13:17:40.400Z] Ошибка polling: ETELEGRAM
[2025-11-19T13:17:49.148Z] Ошибка polling: ETELEGRAM
[2025-11-19T13:17:58.134Z] Ошибка polling: ETELEGRAM
[2025-11-19T13:18:07.043Z] Ошибка polling: ETELEGRAM
[2025-11-19T13:18:16.587Z] Ошибка polling: ETELEGRAM
[2025-11-19T13:18:25.450Z] Ошибка polling: ETELEGRAM
[2025-11-19T13:18:33.462Z] Ошибка polling: ETELEGRAM
[2025-11-19T13:18:42.473Z] Ошибка polling: ETELEGRAM
[2025-11-19T13:18:53.656Z] Ошибка polling: ETELEGRAM
[2025-11-19T13:19:02.417Z] Ошибка polling: ETELEGRAM
[2025-11-19T13:19:10.838Z] Ошибка polling: ETELEGRAM
[2025-11-19T13:19:19.640Z] Ошибка polling: ETELEGRAM
[2025-11-19T13:19:28.446Z] Ошибка polling: ETELEGRAM
[2025-11-19T13:19:37.217Z] Ошибка polling: ETELEGRAM
[2025-11-19T13:19:45.927Z] Ошибка polling: ETELEGRAM
[2025-11-19T13:19:54.734Z] Ошибка polling: ETELEGRAM
[2025-11-19T13:20:04.490Z] Ошибка polling: ETELEGRAM
[2025-11-19T13:20:13.433Z] Ошибка polling: ETELEGRAM
[2025-11-19T13:20:21.491Z] Ошибка polling: ETELEGRAM
[2025-11-19T13:20:29.475Z] Ошибка polling: ETELEGRAM
[2025-11-19T13:20:37.646Z] Ошибка polling: ETELEGRAM
[2025-11-19T13:20:45.723Z] Ошибка polling: ETELEGRAM
[2025-11-19T13:20:53.811Z] Ошибка polling: ETELEGRAM
[2025-11-19T13:21:01.950Z] Ошибка polling: ETELEGRAM
[2025-11-19T13:21:09.991Z] Ошибка polling: ETELEGRAM
[2025-11-19T13:21:18.064Z] Ошибка polling: ETELEGRAM
[2025-11-19T13:21:26.229Z] Ошибка polling: ETELEGRAM
[2025-11-19T13:21:34.251Z] Ошибка polling: ETELEGRAM
[2025-11-19T13:21:42.228Z] Ошибка polling: ETELEGRAM
[2025-11-19T13:21:50.289Z] Ошибка polling: ETELEGRAM
[2025-11-19T13:21:58.324Z] Ошибка polling: ETELEGRAM
[2025-11-19T13:22:06.405Z] Ошибка polling: ETELEGRAM
[2025-11-19T13:22:14.408Z] Ошибка polling: ETELEGRAM
[2025-11-19T13:22:22.416Z] Ошибка polling: ETELEGRAM
[2025-11-19T13:22:30.409Z] Ошибка polling: ETELEGRAM
[2025-11-19T13:22:38.423Z] Ошибка polling: ETELEGRAM
[2025-11-19T13:22:46.701Z] Ошибка polling: ETELEGRAM
[2025-11-19T13:22:54.715Z] Ошибка polling: ETELEGRAM
[2025-11-19T13:23:03.084Z] Ошибка polling: ETELEGRAM
[2025-11-19T13:23:11.997Z] Ошибка polling: ETELEGRAM
[2025-11-19T13:23:19.992Z] Ошибка polling: ETELEGRAM
[2025-11-19T13:23:28.007Z] Ошибка polling: ETELEGRAM
[2025-11-19T13:23:35.999Z] Ошибка polling: ETELEGRAM
[2025-11-19T13:23:44.032Z] Ошибка polling: ETELEGRAM
[2025-11-19T13:23:52.012Z] Ошибка polling: ETELEGRAM
[2025-11-19T13:24:00.075Z] Ошибка polling: ETELEGRAM
[2025-11-19T13:24:08.161Z] Ошибка polling: ETELEGRAM
[2025-11-19T13:24:16.822Z] Ошибка polling: ETELEGRAM
[2025-11-19T13:24:25.151Z] Ошибка polling: ETELEGRAM
[2025-11-19T13:24:33.354Z] Ошибка polling: ETELEGRAM
[2025-11-19T13:24:42.361Z] Ошибка polling: ETELEGRAM
[2025-11-19T13:25:07.727Z] Ошибка polling: ETELEGRAM
[2025-11-19T13:25:16.756Z] Ошибка polling: ETELEGRAM
[2025-11-19T13:25:25.241Z] Ошибка polling: ETELEGRAM
[2025-11-19T13:25:33.386Z] Ошибка polling: ETELEGRAM
[2025-11-19T13:25:41.546Z] Ошибка polling: ETELEGRAM
[2025-11-19T13:25:49.591Z] Ошибка polling: ETELEGRAM
[2025-11-19T13:25:58.190Z] Ошибка polling: ETELEGRAM
[2025-11-19T13:26:06.236Z] Ошибка polling: ETELEGRAM
[2025-11-19T13:26:14.240Z] Ошибка polling: ETELEGRAM
[2025-11-19T13:26:22.300Z] Ошибка polling: ETELEGRAM
[2025-11-19T13:26:30.374Z] Ошибка polling: ETELEGRAM
[2025-11-19T13:26:38.521Z] Ошибка polling: ETELEGRAM
[2025-11-19T13:26:46.630Z] Ошибка polling: ETELEGRAM
[2025-11-19T13:26:54.870Z] Ошибка polling: ETELEGRAM
[2025-11-19T13:27:02.970Z] Ошибка polling: ETELEGRAM
[2025-11-19T13:27:11.150Z] Ошибка polling: ETELEGRAM
[2025-11-19T13:27:19.343Z] Ошибка polling: ETELEGRAM
[2025-11-19T13:27:27.480Z] Ошибка polling: ETELEGRAM
[2025-11-19T13:27:35.624Z] Ошибка polling: ETELEGRAM
[2025-11-19T13:27:43.702Z] Ошибка polling: ETELEGRAM
[2025-11-19T13:27:51.865Z] Ошибка polling: ETELEGRAM
[2025-11-19T13:27:59.995Z] Ошибка polling: ETELEGRAM
[2025-11-19T13:28:08.085Z] Ошибка polling: ETELEGRAM
[2025-11-19T13:28:16.496Z] Ошибка polling: ETELEGRAM
[2025-11-19T13:28:25.715Z] Ошибка polling: ETELEGRAM
[2025-11-19T13:28:33.786Z] Ошибка polling: ETELEGRAM
[2025-11-19T13:28:43.000Z] Ошибка polling: ETELEGRAM
[2025-11-19T13:28:51.124Z] Ошибка polling: ETELEGRAM
[2025-11-19T13:28:59.159Z] Ошибка polling: ETELEGRAM
[2025-11-19T13:29:07.795Z] Ошибка polling: ETELEGRAM
[2025-11-19T13:29:16.006Z] Ошибка polling: ETELEGRAM
[2025-11-19T13:29:24.479Z] Ошибка polling: ETELEGRAM
[2025-11-19T13:29:32.677Z] Ошибка polling: ETELEGRAM
[2025-11-19T13:29:40.858Z] Ошибка polling: ETELEGRAM
[2025-11-19T13:29:48.969Z] Ошибка polling: ETELEGRAM
[2025-11-19T13:29:57.653Z] Ошибка polling: ETELEGRAM
[2025-11-19T13:30:05.899Z] Ошибка polling: ETELEGRAM
[2025-11-19T13:30:14.138Z] Ошибка polling: ETELEGRAM
[2025-11-19T13:30:23.158Z] Ошибка polling: ETELEGRAM
[2025-11-19T13:30:31.620Z] Ошибка polling: ETELEGRAM
[2025-11-19T13:30:40.249Z] Ошибка polling: ETELEGRAM
[2025-11-19T13:30:48.954Z] Ошибка polling: ETELEGRAM
[2025-11-19T13:30:57.350Z] Ошибка polling: ETELEGRAM
[2025-11-19T13:31:06.240Z] Ошибка polling: ETELEGRAM
[2025-11-19T13:31:14.707Z] Ошибка polling: ETELEGRAM
[2025-11-19T13:31:22.932Z] Ошибка polling: ETELEGRAM
[2025-11-19T13:31:31.143Z] Ошибка polling: ETELEGRAM
[2025-11-19T13:31:39.539Z] Ошибка polling: ETELEGRAM
[2025-11-19T13:31:47.858Z] Ошибка polling: ETELEGRAM
[2025-11-19T13:31:56.463Z] Ошибка polling: ETELEGRAM
[2025-11-19T13:32:04.628Z] Ошибка polling: ETELEGRAM
[2025-11-19T13:32:12.920Z] Ошибка polling: ETELEGRAM
[2025-11-19T13:32:21.113Z] Ошибка polling: ETELEGRAM
[2025-11-19T13:32:29.407Z] Ошибка polling: ETELEGRAM
[2025-11-19T13:32:37.701Z] Ошибка polling: ETELEGRAM
[2025-11-19T13:32:45.995Z] Ошибка polling: ETELEGRAM
[2025-11-19T13:32:54.322Z] Ошибка polling: ETELEGRAM
[2025-11-19T13:33:02.630Z] Ошибка polling: ETELEGRAM
[2025-11-19T13:33:11.084Z] Ошибка polling: ETELEGRAM
[2025-11-19T13:33:19.377Z] Ошибка polling: ETELEGRAM
[2025-11-19T13:33:27.569Z] Ошибка polling: ETELEGRAM
[2025-11-19T13:33:35.761Z] Ошибка polling: ETELEGRAM
[2025-11-19T13:33:44.375Z] Ошибка polling: ETELEGRAM
[2025-11-19T13:33:52.556Z] Ошибка polling: ETELEGRAM
[2025-11-19T13:34:00.748Z] Ошибка polling: ETELEGRAM
[2025-11-19T13:34:09.458Z] Ошибка polling: ETELEGRAM
[2025-11-19T13:34:17.604Z] Ошибка polling: ETELEGRAM
[2025-11-19T13:34:25.732Z] Ошибка polling: ETELEGRAM
[2025-11-19T13:39:10.980Z] Ошибка polling: ETELEGRAM
[2025-11-19T13:39:19.046Z] Ошибка polling: ETELEGRAM
[2025-11-19T13:39:27.273Z] Ошибка polling: ETELEGRAM
[2025-11-19T14:52:17.412Z] Ошибка polling: EFATAL
[2025-11-19T14:52:26.831Z] Ошибка polling: ETELEGRAM
[2025-11-19T14:52:35.292Z] Ошибка polling: ETELEGRAM
[2025-11-19T14:52:43.777Z] Ошибка polling: ETELEGRAM
[2025-11-19T14:52:52.292Z] Ошибка polling: ETELEGRAM
[2025-11-19T14:53:00.690Z] Ошибка polling: ETELEGRAM
[2025-11-19T14:53:08.881Z] Ошибка polling: ETELEGRAM
[2025-11-19T14:53:17.061Z] Ошибка polling: ETELEGRAM
[2025-11-19T14:53:25.661Z] Ошибка polling: ETELEGRAM
[2025-11-19T14:53:34.107Z] Ошибка polling: ETELEGRAM
[2025-11-19T14:53:42.321Z] Ошибка polling: ETELEGRAM
[2025-11-19T14:53:50.556Z] Ошибка polling: ETELEGRAM
[2025-11-19T14:53:58.995Z] Ошибка polling: ETELEGRAM
[2025-11-19T14:54:07.160Z] Ошибка polling: ETELEGRAM
[2025-11-19T14:54:15.372Z] Ошибка polling: ETELEGRAM
[2025-11-19T14:54:23.447Z] Ошибка polling: ETELEGRAM
[2025-11-19T14:54:31.721Z] Ошибка polling: ETELEGRAM
[2025-11-19T14:54:40.118Z] Ошибка polling: ETELEGRAM
[2025-11-19T14:54:48.514Z] Ошибка polling: ETELEGRAM
[2025-11-19T14:54:56.707Z] Ошибка polling: ETELEGRAM
[2025-11-19T14:55:04.747Z] Ошибка polling: ETELEGRAM
[2025-11-19T14:55:12.839Z] Ошибка polling: ETELEGRAM
[2025-11-19T14:55:21.175Z] Ошибка polling: ETELEGRAM
[2025-11-19T14:55:30.193Z] Ошибка polling: ETELEGRAM
[2025-11-19T14:55:38.385Z] Ошибка polling: ETELEGRAM
[2025-11-19T14:55:46.577Z] Ошибка polling: ETELEGRAM
[2025-11-19T14:55:54.656Z] Ошибка polling: ETELEGRAM
[2025-11-19T14:56:02.857Z] Ошибка polling: ETELEGRAM
[2025-11-19T14:56:11.020Z] Ошибка polling: ETELEGRAM
[2025-11-19T14:56:19.144Z] Ошибка polling: ETELEGRAM
[2025-11-19T14:56:27.254Z] Ошибка polling: ETELEGRAM
[2025-11-19T14:56:35.829Z] Ошибка polling: ETELEGRAM
[2025-11-19T14:56:44.226Z] Ошибка polling: ETELEGRAM
[2025-11-19T14:56:52.461Z] Ошибка polling: ETELEGRAM
[2025-11-19T14:57:01.756Z] Ошибка polling: ETELEGRAM
[2025-11-19T14:57:09.887Z] Ошибка polling: ETELEGRAM
[2025-11-19T14:57:18.177Z] Ошибка polling: ETELEGRAM
[2025-11-19T14:57:26.312Z] Ошибка polling: ETELEGRAM
[2025-11-19T14:57:34.495Z] Ошибка polling: ETELEGRAM
[2025-11-19T14:57:42.799Z] Ошибка polling: ETELEGRAM
[2025-11-19T14:57:51.096Z] Ошибка polling: ETELEGRAM
[2025-11-19T14:57:59.166Z] Ошибка polling: ETELEGRAM
[2025-11-19T14:58:07.375Z] Ошибка polling: ETELEGRAM
[2025-11-19T14:58:15.441Z] Ошибка polling: ETELEGRAM
[2025-11-19T14:58:23.607Z] Ошибка polling: ETELEGRAM
[2025-11-19T14:58:32.303Z] Ошибка polling: ETELEGRAM
[2025-11-19T14:58:40.318Z] Ошибка polling: ETELEGRAM
[2025-11-19T14:58:48.498Z] Ошибка polling: ETELEGRAM
[2025-11-19T14:58:56.752Z] Ошибка polling: ETELEGRAM
[2025-11-19T14:59:04.929Z] Ошибка polling: ETELEGRAM
[2025-11-19T14:59:13.286Z] Ошибка polling: ETELEGRAM
[2025-11-19T14:59:21.461Z] Ошибка polling: ETELEGRAM
[2025-11-19T14:59:29.567Z] Ошибка polling: ETELEGRAM
[2025-11-19T14:59:37.676Z] Ошибка polling: ETELEGRAM
[2025-11-19T14:59:45.912Z] Ошибка polling: ETELEGRAM
[2025-11-19T14:59:54.016Z] Ошибка polling: ETELEGRAM
[2025-11-19T15:00:03.857Z] Ошибка polling: ETELEGRAM
[2025-11-19T15:00:12.329Z] Ошибка polling: ETELEGRAM
[2025-11-19T15:00:20.644Z] Ошибка polling: ETELEGRAM
[2025-11-19T15:00:28.893Z] Ошибка polling: ETELEGRAM
[2025-11-19T15:00:37.229Z] Ошибка polling: ETELEGRAM
[2025-11-19T15:00:45.437Z] Ошибка polling: ETELEGRAM
[2025-11-19T15:00:53.802Z] Ошибка polling: ETELEGRAM
[2025-11-19T15:01:01.994Z] Ошибка polling: ETELEGRAM
[2025-11-19T15:01:10.448Z] Ошибка polling: ETELEGRAM
[2025-11-19T15:01:19.453Z] Ошибка polling: ETELEGRAM
[2025-11-19T15:01:28.782Z] Ошибка polling: ETELEGRAM
[2025-11-19T15:01:38.172Z] Ошибка polling: ETELEGRAM
[2025-11-19T15:01:46.554Z] Ошибка polling: ETELEGRAM
[2025-11-19T15:01:54.578Z] Ошибка polling: ETELEGRAM
[2025-11-19T15:02:02.597Z] Ошибка polling: ETELEGRAM
[2025-11-19T15:02:10.593Z] Ошибка polling: ETELEGRAM
[2025-11-19T15:02:18.609Z] Ошибка polling: ETELEGRAM
[2025-11-19T15:02:26.652Z] Ошибка polling: ETELEGRAM
[2025-11-19T15:02:35.070Z] Ошибка polling: ETELEGRAM
[2025-11-19T15:02:43.108Z] Ошибка polling: ETELEGRAM
[2025-11-19T15:02:51.194Z] Ошибка polling: ETELEGRAM
[2025-11-19T15:02:59.182Z] Ошибка polling: ETELEGRAM
[2025-11-19T15:03:07.637Z] Ошибка polling: ETELEGRAM
[2025-11-19T15:03:15.829Z] Ошибка polling: ETELEGRAM
[2025-11-19T15:03:23.917Z] Ошибка polling: ETELEGRAM
[2025-11-19T15:03:32.110Z] Ошибка polling: ETELEGRAM
[2025-11-19T15:03:40.118Z] Ошибка polling: ETELEGRAM
[2025-11-19T15:03:48.227Z] Ошибка polling: ETELEGRAM
[2025-11-19T15:03:56.694Z] Ошибка polling: ETELEGRAM
[2025-11-19T15:04:04.788Z] Ошибка polling: ETELEGRAM
[2025-11-19T15:04:12.902Z] Ошибка polling: ETELEGRAM
[2025-11-19T15:04:20.987Z] Ошибка polling: ETELEGRAM
[2025-11-19T15:04:29.249Z] Ошибка polling: ETELEGRAM
[2025-11-19T15:04:37.341Z] Ошибка polling: ETELEGRAM
[2025-11-19T15:04:45.533Z] Ошибка polling: ETELEGRAM
[2025-11-19T15:04:53.725Z] Ошибка polling: ETELEGRAM
[2025-11-19T15:05:01.778Z] Ошибка polling: ETELEGRAM
[2025-11-19T15:05:10.222Z] Ошибка polling: ETELEGRAM
[2025-11-19T15:05:18.300Z] Ошибка polling: ETELEGRAM
[2025-11-19T15:05:26.494Z] Ошибка polling: ETELEGRAM
[2025-11-19T15:05:34.632Z] Ошибка polling: ETELEGRAM
[2025-11-19T15:05:42.673Z] Ошибка polling: ETELEGRAM
[2025-11-19T15:05:50.714Z] Ошибка polling: ETELEGRAM
[2025-11-19T15:05:58.954Z] Ошибка polling: ETELEGRAM
[2025-11-19T15:06:07.136Z] Ошибка polling: ETELEGRAM
[2025-11-19T15:06:15.745Z] Ошибка polling: ETELEGRAM
[2025-11-19T15:06:23.836Z] Ошибка polling: ETELEGRAM
[2025-11-19T15:06:31.925Z] Ошибка polling: ETELEGRAM
[2025-11-19T15:06:40.423Z] Ошибка polling: ETELEGRAM
[2025-11-19T15:06:48.512Z] Ошибка polling: ETELEGRAM
[2025-11-19T15:06:56.995Z] Ошибка polling: ETELEGRAM
[2025-11-19T15:07:05.488Z] Ошибка polling: ETELEGRAM
[2025-11-19T15:07:13.625Z] Ошибка polling: ETELEGRAM
[2025-11-19T15:07:21.733Z] Ошибка polling: ETELEGRAM
[2025-11-19T15:07:29.883Z] Ошибка polling: ETELEGRAM
[2025-11-19T15:07:37.906Z] Ошибка polling: ETELEGRAM
[2025-11-19T15:07:46.574Z] Ошибка polling: ETELEGRAM
[2025-11-19T15:07:54.652Z] Ошибка polling: ETELEGRAM
[2025-11-19T15:08:02.855Z] Ошибка polling: ETELEGRAM
[2025-11-19T15:08:10.945Z] Ошибка polling: ETELEGRAM
[2025-11-19T15:08:19.024Z] Ошибка polling: ETELEGRAM
[2025-11-19T15:08:27.431Z] Ошибка polling: ETELEGRAM
[2025-11-19T15:08:35.524Z] Ошибка polling: ETELEGRAM
[2025-11-19T15:08:43.597Z] Ошибка polling: ETELEGRAM
[2025-11-19T15:08:51.802Z] Ошибка polling: ETELEGRAM
[2025-11-19T15:08:59.994Z] Ошибка polling: ETELEGRAM
[2025-11-19T15:09:08.094Z] Ошибка polling: ETELEGRAM
[2025-11-19T15:09:16.123Z] Ошибка polling: ETELEGRAM
[2025-11-19T15:09:24.108Z] Ошибка polling: ETELEGRAM
[2025-11-19T15:09:32.253Z] Ошибка polling: ETELEGRAM
[2025-11-19T15:09:40.323Z] Ошибка polling: ETELEGRAM
[2025-11-19T15:09:48.532Z] Ошибка polling: ETELEGRAM
[2025-11-19T15:09:56.621Z] Ошибка polling: ETELEGRAM
[2025-11-19T15:10:04.812Z] Ошибка polling: ETELEGRAM
[2025-11-19T15:10:13.389Z] Ошибка polling: ETELEGRAM
[2025-11-19T15:10:21.404Z] Ошибка polling: ETELEGRAM
[2025-11-19T15:10:29.595Z] Ошибка polling: ETELEGRAM
[2025-11-19T15:10:37.787Z] Ошибка polling: ETELEGRAM
[2025-11-19T15:10:51.405Z] Ошибка polling: ETELEGRAM
[2025-11-19T15:10:59.495Z] Ошибка polling: ETELEGRAM
[2025-11-19T15:11:07.478Z] Ошибка polling: ETELEGRAM
[2025-11-19T15:11:15.675Z] Ошибка polling: ETELEGRAM
[2025-11-19T15:11:23.786Z] Ошибка polling: ETELEGRAM
[2025-11-19T15:11:31.955Z] Ошибка polling: ETELEGRAM
[2025-11-19T15:11:40.147Z] Ошибка polling: ETELEGRAM
[2025-11-19T15:11:48.138Z] Ошибка polling: ETELEGRAM
[2025-11-19T15:11:56.224Z] Ошибка polling: ETELEGRAM
[2025-11-19T15:12:04.212Z] Ошибка polling: ETELEGRAM
[2025-11-19T15:12:12.300Z] Ошибка polling: ETELEGRAM
[2025-11-19T15:12:20.800Z] Ошибка polling: ETELEGRAM
[2025-11-19T15:12:28.992Z] Ошибка polling: ETELEGRAM
[2025-11-19T15:12:37.082Z] Ошибка polling: ETELEGRAM
[2025-11-19T15:12:45.191Z] Ошибка polling: ETELEGRAM
[2025-11-19T15:12:53.362Z] Ошибка polling: ETELEGRAM
[2025-11-19T15:13:01.758Z] Ошибка polling: ETELEGRAM
[2025-11-19T15:13:09.951Z] Ошибка polling: ETELEGRAM
[2025-11-19T15:13:18.041Z] Ошибка polling: ETELEGRAM
[2025-11-19T15:13:26.847Z] Ошибка polling: ETELEGRAM
[2025-11-19T15:13:35.424Z] Ошибка polling: ETELEGRAM
[2025-11-19T15:13:43.539Z] Ошибка polling: ETELEGRAM
[2025-11-19T15:13:51.649Z] Ошибка polling: ETELEGRAM
[2025-11-19T15:13:59.704Z] Ошибка polling: ETELEGRAM
[2025-11-19T15:14:07.879Z] Ошибка polling: ETELEGRAM
[2025-11-19T15:14:16.204Z] Ошибка polling: ETELEGRAM
[2025-11-19T15:14:24.275Z] Ошибка polling: ETELEGRAM
[2025-11-19T15:14:32.293Z] Ошибка polling: ETELEGRAM
[2025-11-19T15:14:40.344Z] Ошибка polling: ETELEGRAM
[2025-11-19T15:14:48.405Z] Ошибка polling: ETELEGRAM
[2025-11-19T15:14:56.550Z] Ошибка polling: ETELEGRAM
[2025-11-19T15:15:04.600Z] Ошибка polling: ETELEGRAM
[2025-11-19T15:15:12.661Z] Ошибка polling: ETELEGRAM
[2025-11-19T15:15:21.330Z] Ошибка polling: ETELEGRAM
[2025-11-19T15:15:29.549Z] Ошибка polling: ETELEGRAM
[2025-11-19T15:15:38.199Z] Ошибка polling: ETELEGRAM
[2025-11-19T15:15:46.932Z] Ошибка polling: ETELEGRAM
[2025-11-19T15:15:55.432Z] Ошибка polling: ETELEGRAM
[2025-11-19T15:16:04.173Z] Ошибка polling: ETELEGRAM
[2025-11-19T15:16:12.800Z] Ошибка polling: ETELEGRAM
[2025-11-19T15:16:21.137Z] Ошибка polling: ETELEGRAM
[2025-11-19T15:16:29.399Z] Ошибка polling: ETELEGRAM
[2025-11-19T15:16:37.579Z] Ошибка polling: ETELEGRAM
[2025-11-19T15:16:45.844Z] Ошибка polling: ETELEGRAM
[2025-11-19T15:16:54.519Z] Ошибка polling: ETELEGRAM
[2025-11-19T15:17:02.743Z] Ошибка polling: ETELEGRAM
[2025-11-19T15:17:11.313Z] Ошибка polling: ETELEGRAM
[2025-11-19T15:17:19.445Z] Ошибка polling: ETELEGRAM
[2025-11-19T15:17:27.625Z] Ошибка polling: ETELEGRAM
[2025-11-19T15:17:35.914Z] Ошибка polling: ETELEGRAM
[2025-11-19T15:17:44.646Z] Ошибка polling: ETELEGRAM
[2025-11-19T15:17:52.888Z] Ошибка polling: ETELEGRAM
[2025-11-19T15:18:01.079Z] Ошибка polling: ETELEGRAM
[2025-11-19T15:18:09.272Z] Ошибка polling: ETELEGRAM
[2025-11-19T15:18:17.461Z] Ошибка polling: ETELEGRAM
[2025-11-19T15:18:25.829Z] Ошибка polling: ETELEGRAM
[2025-11-19T15:18:34.569Z] Ошибка polling: ETELEGRAM
[2025-11-19T15:18:42.865Z] Ошибка polling: ETELEGRAM
[2025-11-19T15:18:51.195Z] Ошибка polling: ETELEGRAM
[2025-11-19T15:18:59.557Z] Ошибка polling: ETELEGRAM
[2025-11-19T15:19:08.153Z] Ошибка polling: ETELEGRAM
[2025-11-19T15:19:16.549Z] Ошибка polling: ETELEGRAM
[2025-11-19T15:19:24.656Z] Ошибка polling: ETELEGRAM
[2025-11-19T15:19:33.220Z] Ошибка polling: ETELEGRAM
[2025-11-19T15:19:41.432Z] Ошибка polling: ETELEGRAM
[2025-11-19T15:19:49.594Z] Ошибка polling: ETELEGRAM
[2025-11-19T15:19:57.815Z] Ошибка polling: ETELEGRAM
[2025-11-19T15:20:06.315Z] Ошибка polling: ETELEGRAM
[2025-11-19T15:20:14.860Z] Ошибка polling: ETELEGRAM
[2025-11-19T15:20:23.006Z] Ошибка polling: ETELEGRAM
[2025-11-19T15:20:31.504Z] Ошибка polling: ETELEGRAM
[2025-11-19T15:20:39.926Z] Ошибка polling: ETELEGRAM
[2025-11-19T15:20:47.971Z] Ошибка polling: ETELEGRAM
[2025-11-19T15:20:56.081Z] Ошибка polling: ETELEGRAM
[2025-11-19T15:21:04.133Z] Ошибка polling: ETELEGRAM
[2025-11-19T15:21:12.182Z] Ошибка polling: ETELEGRAM
[2025-11-19T15:21:20.286Z] Ошибка polling: ETELEGRAM
[2025-11-19T15:21:28.628Z] Ошибка polling: ETELEGRAM
[2025-11-19T15:21:37.062Z] Ошибка polling: ETELEGRAM
[2025-11-19T15:21:45.106Z] Ошибка polling: ETELEGRAM
[2025-11-19T15:21:53.166Z] Ошибка polling: ETELEGRAM
[2025-11-19T15:22:01.310Z] Ошибка polling: ETELEGRAM
[2025-11-19T15:22:09.443Z] Ошибка polling: ETELEGRAM
[2025-11-19T15:22:17.471Z] Ошибка polling: ETELEGRAM
[2025-11-19T15:22:25.680Z] Ошибка polling: ETELEGRAM
[2025-11-19T15:22:33.810Z] Ошибка polling: ETELEGRAM
[2025-11-19T15:22:41.962Z] Ошибка polling: ETELEGRAM
[2025-11-19T15:22:51.281Z] Ошибка polling: ETELEGRAM
[2025-11-19T15:22:59.370Z] Ошибка polling: ETELEGRAM
[2025-11-19T15:23:07.460Z] Ошибка polling: ETELEGRAM
[2025-11-19T15:23:15.577Z] Ошибка polling: ETELEGRAM
[2025-11-19T15:23:23.709Z] Ошибка polling: ETELEGRAM
[2025-11-19T15:23:31.731Z] Ошибка polling: ETELEGRAM
[2025-11-19T15:23:39.808Z] Ошибка polling: ETELEGRAM
[2025-11-19T15:23:47.893Z] Ошибка polling: ETELEGRAM
[2025-11-19T15:23:56.100Z] Ошибка polling: ETELEGRAM
[2025-11-19T15:24:04.216Z] Ошибка polling: ETELEGRAM
[2025-11-19T15:24:12.242Z] Ошибка polling: ETELEGRAM
[2025-11-19T15:24:20.470Z] Ошибка polling: ETELEGRAM
[2025-11-19T15:24:28.579Z] Ошибка polling: ETELEGRAM
[2025-11-19T15:24:37.571Z] Ошибка polling: ETELEGRAM
[2025-11-19T15:24:45.763Z] Ошибка polling: ETELEGRAM
[2025-11-19T15:24:53.955Z] Ошибка polling: ETELEGRAM
[2025-11-19T15:25:02.162Z] Ошибка polling: ETELEGRAM
[2025-11-19T15:25:10.500Z] Ошибка polling: ETELEGRAM
[2025-11-19T15:25:18.665Z] Ошибка polling: ETELEGRAM
[2025-11-19T15:25:26.691Z] Ошибка polling: ETELEGRAM
[2025-11-19T15:25:34.915Z] Ошибка polling: ETELEGRAM
[2025-11-19T15:25:43.006Z] Ошибка polling: ETELEGRAM
[2025-11-19T15:25:51.202Z] Ошибка polling: ETELEGRAM
[2025-11-19T15:25:59.330Z] Ошибка polling: ETELEGRAM
[2025-11-19T15:26:07.770Z] Ошибка polling: ETELEGRAM
[2025-11-19T15:26:15.855Z] Ошибка polling: ETELEGRAM
[2025-11-19T15:26:24.584Z] Ошибка polling: ETELEGRAM
[2025-11-19T15:26:32.771Z] Ошибка polling: ETELEGRAM
[2025-11-19T15:26:40.940Z] Ошибка polling: ETELEGRAM
[2025-11-19T15:26:49.159Z] Ошибка polling: ETELEGRAM
[2025-11-19T15:26:57.314Z] Ошибка polling: ETELEGRAM
[2025-11-19T15:27:05.539Z] Ошибка polling: ETELEGRAM
[2025-11-19T15:27:13.734Z] Ошибка polling: ETELEGRAM
[2025-11-19T15:27:21.820Z] Ошибка polling: ETELEGRAM
[2025-11-19T15:27:29.896Z] Ошибка polling: ETELEGRAM
[2025-11-19T15:27:38.205Z] Ошибка polling: ETELEGRAM
[2025-11-19T15:27:46.404Z] Ошибка polling: ETELEGRAM
[2025-11-19T15:27:54.659Z] Ошибка polling: ETELEGRAM
[2025-11-19T15:28:02.840Z] Ошибка polling: ETELEGRAM
[2025-11-19T15:28:11.596Z] Ошибка polling: ETELEGRAM
[2025-11-19T15:28:20.000Z] Ошибка polling: ETELEGRAM
[2025-11-19T15:28:28.381Z] Ошибка polling: ETELEGRAM
[2025-11-19T15:28:36.777Z] Ошибка polling: ETELEGRAM
[2025-11-19T15:28:45.072Z] Ошибка polling: ETELEGRAM
[2025-11-19T15:28:53.366Z] Ошибка polling: ETELEGRAM
[2025-11-19T15:29:01.669Z] Ошибка polling: ETELEGRAM
[2025-11-19T15:29:10.364Z] Ошибка polling: ETELEGRAM
[2025-11-19T15:29:18.556Z] Ошибка polling: ETELEGRAM
[2025-11-19T15:29:26.646Z] Ошибка polling: ETELEGRAM
[2025-11-19T15:29:34.668Z] Ошибка polling: ETELEGRAM
[2025-11-19T15:29:42.732Z] Ошибка polling: ETELEGRAM
[2025-11-19T15:29:50.915Z] Ошибка polling: ETELEGRAM
[2025-11-19T15:29:58.955Z] Ошибка polling: ETELEGRAM
[2025-11-19T15:30:06.960Z] Ошибка polling: ETELEGRAM
[2025-11-19T15:30:14.975Z] Ошибка polling: ETELEGRAM
[2025-11-19T15:30:23.170Z] Ошибка polling: ETELEGRAM
[2025-11-19T15:30:31.568Z] Ошибка polling: ETELEGRAM
[2025-11-19T15:30:40.169Z] Ошибка polling: ETELEGRAM
[2025-11-19T15:30:48.565Z] Ошибка polling: ETELEGRAM
[2025-11-19T15:30:56.757Z] Ошибка polling: ETELEGRAM
[2025-11-19T15:31:04.795Z] Ошибка polling: ETELEGRAM
[2025-11-19T15:31:12.845Z] Ошибка polling: ETELEGRAM
[2025-11-19T15:31:20.949Z] Ошибка polling: ETELEGRAM
[2025-11-19T15:31:29.030Z] Ошибка polling: ETELEGRAM
[2025-11-19T15:31:37.225Z] Ошибка polling: ETELEGRAM
[2025-11-19T15:31:45.313Z] Ошибка polling: ETELEGRAM
[2025-11-19T15:31:53.605Z] Ошибка polling: ETELEGRAM
[2025-11-19T15:32:01.700Z] Ошибка polling: ETELEGRAM
[2025-11-19T15:32:09.878Z] Ошибка polling: ETELEGRAM
[2025-11-19T15:32:18.088Z] Ошибка polling: ETELEGRAM
[2025-11-19T15:32:26.179Z] Ошибка polling: ETELEGRAM
[2025-11-19T15:32:34.371Z] Ошибка polling: ETELEGRAM
[2025-11-19T15:32:42.473Z] Ошибка polling: ETELEGRAM
[2025-11-19T15:32:50.653Z] Ошибка polling: ETELEGRAM
[2025-11-19T15:32:58.737Z] Ошибка polling: ETELEGRAM
[2025-11-19T15:33:06.849Z] Ошибка polling: ETELEGRAM
[2025-11-19T15:33:14.922Z] Ошибка polling: ETELEGRAM
[2025-11-19T15:33:23.115Z] Ошибка polling: ETELEGRAM
[2025-11-19T15:33:31.204Z] Ошибка polling: ETELEGRAM
[2025-11-19T15:33:39.807Z] Ошибка polling: ETELEGRAM
[2025-11-19T15:33:48.409Z] Ошибка polling: ETELEGRAM
[2025-11-19T15:33:56.605Z] Ошибка polling: ETELEGRAM
[2025-11-19T15:34:04.794Z] Ошибка polling: ETELEGRAM
[2025-11-19T15:34:13.086Z] Ошибка polling: ETELEGRAM
[2025-11-19T15:34:21.352Z] Ошибка polling: ETELEGRAM
[2025-11-19T15:34:29.471Z] Ошибка polling: ETELEGRAM
[2025-11-19T15:34:37.878Z] Ошибка polling: ETELEGRAM
[2025-11-19T15:34:46.060Z] Ошибка polling: ETELEGRAM
[2025-11-19T15:34:54.354Z] Ошибка polling: ETELEGRAM
[2025-11-19T15:35:02.649Z] Ошибка polling: ETELEGRAM
[2025-11-19T15:35:10.840Z] Ошибка polling: ETELEGRAM
[2025-11-19T15:35:19.546Z] Ошибка polling: ETELEGRAM
[2025-11-19T15:35:27.738Z] Ошибка polling: ETELEGRAM
[2025-11-19T15:35:36.441Z] Ошибка polling: ETELEGRAM
[2025-11-19T15:35:44.585Z] Ошибка polling: ETELEGRAM
[2025-11-19T15:35:52.709Z] Ошибка polling: ETELEGRAM
[2025-11-19T15:36:01.070Z] Ошибка polling: ETELEGRAM
[2025-11-19T15:36:09.209Z] Ошибка polling: ETELEGRAM
[2025-11-19T15:36:17.721Z] Ошибка polling: ETELEGRAM
[2025-11-19T15:36:26.003Z] Ошибка polling: ETELEGRAM
[2025-11-19T15:36:34.298Z] Ошибка polling: ETELEGRAM
[2025-11-19T15:36:42.692Z] Ошибка polling: ETELEGRAM
[2025-11-19T15:36:51.089Z] Ошибка polling: ETELEGRAM
[2025-11-19T15:36:59.691Z] Ошибка polling: ETELEGRAM
[2025-11-19T15:37:07.835Z] Ошибка polling: ETELEGRAM
[2025-11-19T15:37:16.317Z] Ошибка polling: ETELEGRAM
[2025-11-19T15:37:24.860Z] Ошибка polling: ETELEGRAM
[2025-11-19T15:37:33.100Z] Ошибка polling: ETELEGRAM
[2025-11-19T15:37:41.299Z] Ошибка polling: ETELEGRAM
[2025-11-19T15:37:49.662Z] Ошибка polling: ETELEGRAM
[2025-11-19T15:37:58.201Z] Ошибка polling: ETELEGRAM
[2025-11-19T15:38:07.458Z] Ошибка polling: ETELEGRAM
[2025-11-19T15:38:15.979Z] Ошибка polling: ETELEGRAM
[2025-11-19T15:38:24.475Z] Ошибка polling: ETELEGRAM
[2025-11-19T15:38:32.569Z] Ошибка polling: ETELEGRAM
[2025-11-19T15:38:40.600Z] Ошибка polling: ETELEGRAM
[2025-11-19T15:38:48.803Z] Ошибка polling: ETELEGRAM
[2025-11-19T15:38:56.941Z] Ошибка polling: ETELEGRAM
[2025-11-19T15:39:05.131Z] Ошибка polling: ETELEGRAM
[2025-11-19T15:39:13.225Z] Ошибка polling: ETELEGRAM
[2025-11-19T15:39:21.320Z] Ошибка polling: ETELEGRAM
[2025-11-19T15:39:29.402Z] Ошибка polling: ETELEGRAM
[2025-11-19T15:39:37.594Z] Ошибка polling: ETELEGRAM
[2025-11-19T15:39:45.709Z] Ошибка polling: ETELEGRAM
[2025-11-19T15:39:54.284Z] Ошибка polling: ETELEGRAM
[2025-11-19T15:40:02.776Z] Ошибка polling: ETELEGRAM
[2025-11-19T15:40:10.833Z] Ошибка polling: ETELEGRAM
[2025-11-19T15:40:18.962Z] Ошибка polling: ETELEGRAM
[2025-11-19T15:40:27.372Z] Ошибка polling: ETELEGRAM
[2025-11-19T15:40:35.860Z] Ошибка polling: ETELEGRAM
[2025-11-19T15:40:44.050Z] Ошибка polling: ETELEGRAM
[2025-11-19T15:40:53.266Z] Ошибка polling: ETELEGRAM
[2025-11-19T15:41:01.250Z] Ошибка polling: ETELEGRAM
[2025-11-19T15:41:09.445Z] Ошибка polling: ETELEGRAM
[2025-11-19T15:41:17.466Z] Ошибка polling: ETELEGRAM
[2025-11-19T15:41:25.522Z] Ошибка polling: ETELEGRAM
[2025-11-19T15:41:34.021Z] Ошибка polling: ETELEGRAM
[2025-11-19T15:41:42.525Z] Ошибка polling: ETELEGRAM
[2025-11-19T15:41:51.020Z] Ошибка polling: ETELEGRAM
[2025-11-19T15:41:59.621Z] Ошибка polling: ETELEGRAM
[2025-11-19T15:42:08.149Z] Ошибка polling: ETELEGRAM
[2025-11-19T15:42:16.645Z] Ошибка polling: ETELEGRAM
[2025-11-19T15:42:24.812Z] Ошибка polling: ETELEGRAM
[2025-11-19T15:42:33.322Z] Ошибка polling: ETELEGRAM
[2025-11-19T15:42:41.403Z] Ошибка polling: ETELEGRAM
[2025-11-19T15:42:49.593Z] Ошибка polling: ETELEGRAM
[2025-11-19T15:42:57.990Z] Ошибка polling: ETELEGRAM
[2025-11-19T15:43:06.182Z] Ошибка polling: ETELEGRAM
[2025-11-19T15:43:14.271Z] Ошибка polling: ETELEGRAM
[2025-11-19T15:43:22.463Z] Ошибка polling: ETELEGRAM
[2025-11-19T15:43:30.553Z] Ошибка polling: ETELEGRAM
[2025-11-19T15:43:38.745Z] Ошибка polling: ETELEGRAM
[2025-11-19T15:43:47.152Z] Ошибка polling: ETELEGRAM
[2025-11-19T15:43:55.743Z] Ошибка polling: ETELEGRAM
[2025-11-19T15:44:03.834Z] Ошибка polling: ETELEGRAM
[2025-11-19T15:44:11.841Z] Ошибка polling: ETELEGRAM
[2025-11-19T15:44:19.914Z] Ошибка polling: ETELEGRAM
[2025-11-19T15:44:28.307Z] Ошибка polling: ETELEGRAM
[2025-11-19T15:44:36.396Z] Ошибка polling: ETELEGRAM
[2025-11-19T15:44:44.588Z] Ошибка polling: ETELEGRAM
[2025-11-19T15:44:52.780Z] Ошибка polling: ETELEGRAM
[2025-11-19T15:45:00.972Z] Ошибка polling: ETELEGRAM
[2025-11-19T15:45:08.982Z] Ошибка polling: ETELEGRAM
[2025-11-19T15:45:17.151Z] Ошибка polling: ETELEGRAM
[2025-11-19T15:45:25.241Z] Ошибка polling: ETELEGRAM
[2025-11-19T15:45:33.434Z] Ошибка polling: ETELEGRAM
[2025-11-19T15:45:41.523Z] Ошибка polling: ETELEGRAM
[2025-11-19T15:45:49.715Z] Ошибка polling: ETELEGRAM
[2025-11-19T15:45:58.624Z] Ошибка polling: ETELEGRAM
[2025-11-19T15:46:06.816Z] Ошибка polling: ETELEGRAM
[2025-11-19T15:46:14.836Z] Ошибка polling: ETELEGRAM
[2025-11-19T15:46:23.313Z] Ошибка polling: ETELEGRAM
[2025-11-19T15:46:31.392Z] Ошибка polling: ETELEGRAM
[2025-11-19T15:46:39.485Z] Ошибка polling: ETELEGRAM
[2025-11-19T15:46:47.675Z] Ошибка polling: ETELEGRAM
[2025-11-19T15:46:55.785Z] Ошибка polling: ETELEGRAM
[2025-11-19T15:47:03.787Z] Ошибка polling: ETELEGRAM
[2025-11-19T15:47:11.942Z] Ошибка polling: ETELEGRAM
[2025-11-19T15:47:20.134Z] Ошибка polling: ETELEGRAM
[2025-11-19T15:47:28.326Z] Ошибка polling: ETELEGRAM
[2025-11-19T15:47:40.042Z] Ошибка polling: ETELEGRAM
[2025-11-19T15:47:49.807Z] Ошибка polling: ETELEGRAM
[2025-11-19T15:47:58.072Z] Ошибка polling: ETELEGRAM
[2025-11-19T15:48:06.726Z] Ошибка polling: ETELEGRAM
[2025-11-19T15:48:15.430Z] Ошибка polling: ETELEGRAM
[2025-11-19T15:48:24.133Z] Ошибка polling: ETELEGRAM
[2025-11-19T15:48:32.429Z] Ошибка polling: ETELEGRAM
[2025-11-19T15:48:40.825Z] Ошибка polling: ETELEGRAM
[2025-11-19T15:48:49.476Z] Ошибка polling: ETELEGRAM
[2025-11-19T15:48:58.029Z] Ошибка polling: ETELEGRAM
[2025-11-19T15:49:06.425Z] Ошибка polling: ETELEGRAM
[2025-11-19T15:49:14.994Z] Ошибка polling: ETELEGRAM
[2025-11-19T15:49:23.219Z] Ошибка polling: ETELEGRAM
[2025-11-19T15:49:31.616Z] Ошибка polling: ETELEGRAM
[2025-11-19T15:49:39.724Z] Ошибка polling: ETELEGRAM
[2025-11-19T15:49:47.824Z] Ошибка polling: ETELEGRAM
[2025-11-19T15:49:55.913Z] Ошибка polling: ETELEGRAM
[2025-11-19T15:50:04.058Z] Ошибка polling: ETELEGRAM
[2025-11-19T15:50:12.268Z] Ошибка polling: ETELEGRAM
[2025-11-19T15:50:20.358Z] Ошибка polling: ETELEGRAM
[2025-11-19T15:50:28.593Z] Ошибка polling: ETELEGRAM
[2025-11-19T15:50:36.698Z] Ошибка polling: ETELEGRAM
[2025-11-19T15:50:45.036Z] Ошибка polling: ETELEGRAM
[2025-11-19T15:50:53.184Z] Ошибка polling: ETELEGRAM
[2025-11-19T15:51:01.429Z] Ошибка polling: ETELEGRAM
[2025-11-19T15:51:09.715Z] Ошибка polling: ETELEGRAM
[2025-11-19T15:51:18.458Z] Ошибка polling: ETELEGRAM
[2025-11-19T15:51:26.611Z] Ошибка polling: ETELEGRAM
[2025-11-19T15:51:34.758Z] Ошибка polling: ETELEGRAM
[2025-11-19T15:51:42.893Z] Ошибка polling: ETELEGRAM
[2025-11-19T15:51:51.085Z] Ошибка polling: ETELEGRAM
[2025-11-19T15:51:59.342Z] Ошибка polling: ETELEGRAM
[2025-11-19T15:52:07.571Z] Ошибка polling: ETELEGRAM
[2025-11-19T15:52:16.379Z] Ошибка polling: ETELEGRAM
[2025-11-19T15:52:24.571Z] Ошибка polling: ETELEGRAM
[2025-11-19T15:52:32.864Z] Ошибка polling: ETELEGRAM
[2025-11-19T15:52:40.955Z] Ошибка polling: ETELEGRAM
[2025-11-19T15:52:49.147Z] Ошибка polling: ETELEGRAM
[2025-11-19T15:52:57.644Z] Ошибка polling: ETELEGRAM
[2025-11-19T15:53:05.837Z] Ошибка polling: ETELEGRAM
[2025-11-19T15:53:14.028Z] Ошибка polling: ETELEGRAM
[2025-11-19T15:53:22.323Z] Ошибка polling: ETELEGRAM
[2025-11-19T15:53:30.515Z] Ошибка polling: ETELEGRAM
[2025-11-19T15:53:38.707Z] Ошибка polling: ETELEGRAM
[2025-11-19T15:53:48.339Z] Ошибка polling: ETELEGRAM
[2025-11-19T15:53:56.526Z] Ошибка polling: ETELEGRAM
[2025-11-19T15:54:05.229Z] Ошибка polling: ETELEGRAM
[2025-11-19T15:54:13.318Z] Ошибка polling: ETELEGRAM
[2025-11-19T15:54:21.510Z] Ошибка polling: ETELEGRAM
[2025-11-19T15:54:29.702Z] Ошибка polling: ETELEGRAM
[2025-11-19T15:54:37.895Z] Ошибка polling: ETELEGRAM
[2025-11-19T15:54:46.701Z] Ошибка polling: ETELEGRAM
[2025-11-19T15:54:54.893Z] Ошибка polling: ETELEGRAM
[2025-11-19T15:55:03.291Z] Ошибка polling: ETELEGRAM
[2025-11-19T15:55:11.584Z] Ошибка polling: ETELEGRAM
[2025-11-19T15:55:19.879Z] Ошибка polling: ETELEGRAM
[2025-11-19T15:55:28.173Z] Ошибка polling: ETELEGRAM
[2025-11-19T15:55:36.429Z] Ошибка polling: ETELEGRAM
[2025-11-19T15:55:44.967Z] Ошибка polling: ETELEGRAM
[2025-11-19T15:55:53.044Z] Ошибка polling: ETELEGRAM
[2025-11-19T15:56:01.248Z] Ошибка polling: ETELEGRAM
[2025-11-19T15:56:09.440Z] Ошибка polling: ETELEGRAM
[2025-11-19T15:56:17.682Z] Ошибка polling: ETELEGRAM
[2025-11-19T15:56:26.445Z] Ошибка polling: ETELEGRAM
[2025-11-19T15:56:35.064Z] Ошибка polling: ETELEGRAM
[2025-11-19T15:56:43.642Z] Ошибка polling: ETELEGRAM
[2025-11-19T15:56:54.296Z] Ошибка polling: ETELEGRAM
[2025-11-19T15:57:02.604Z] Ошибка polling: ETELEGRAM
[2025-11-19T15:57:10.838Z] Ошибка polling: ETELEGRAM
[2025-11-19T15:57:19.172Z] Ошибка polling: ETELEGRAM
[2025-11-19T15:57:28.391Z] Ошибка polling: ETELEGRAM
[2025-11-19T15:57:36.583Z] Ошибка polling: ETELEGRAM
[2025-11-19T15:57:44.731Z] Ошибка polling: ETELEGRAM
[2025-11-19T15:57:53.271Z] Ошибка polling: ETELEGRAM
[2025-11-19T15:58:01.467Z] Ошибка polling: ETELEGRAM
[2025-11-19T15:58:09.760Z] Ошибка polling: ETELEGRAM
[2025-11-19T15:58:17.952Z] Ошибка polling: ETELEGRAM
[2025-11-19T15:58:26.394Z] Ошибка polling: ETELEGRAM
[2025-11-19T15:58:34.954Z] Ошибка polling: ETELEGRAM
[2025-11-19T15:58:43.450Z] Ошибка polling: ETELEGRAM
[2025-11-19T15:58:51.651Z] Ошибка polling: ETELEGRAM
[2025-11-19T15:58:59.899Z] Ошибка polling: ETELEGRAM
[2025-11-19T15:59:08.085Z] Ошибка polling: ETELEGRAM
[2025-11-19T15:59:16.423Z] Ошибка polling: ETELEGRAM
[2025-11-19T15:59:24.615Z] Ошибка polling: ETELEGRAM
[2025-11-19T15:59:32.729Z] Ошибка polling: ETELEGRAM
[2025-11-19T15:59:41.307Z] Ошибка polling: ETELEGRAM
[2025-11-19T15:59:49.499Z] Ошибка polling: ETELEGRAM
[2025-11-19T15:59:58.103Z] Ошибка polling: ETELEGRAM
[2025-11-19T16:00:07.253Z] Ошибка polling: ETELEGRAM
[2025-11-19T16:00:15.508Z] Ошибка polling: ETELEGRAM
[2025-11-19T16:00:23.904Z] Ошибка polling: ETELEGRAM
[2025-11-19T16:00:32.166Z] Ошибка polling: ETELEGRAM
[2025-11-19T16:00:40.427Z] Ошибка polling: ETELEGRAM
[2025-11-19T16:00:48.788Z] Ошибка polling: ETELEGRAM
[2025-11-19T16:00:56.956Z] Ошибка polling: ETELEGRAM
[2025-11-19T16:01:05.441Z] Ошибка polling: ETELEGRAM
[2025-11-19T16:01:13.671Z] Ошибка polling: ETELEGRAM
[2025-11-19T16:01:21.890Z] Ошибка polling: ETELEGRAM
[2025-11-19T16:01:30.537Z] Ошибка polling: ETELEGRAM
[2025-11-19T16:01:39.624Z] Ошибка polling: ETELEGRAM
[2025-11-19T16:01:47.898Z] Ошибка polling: ETELEGRAM
[2025-11-19T16:01:56.109Z] Ошибка polling: ETELEGRAM
[2025-11-19T16:02:04.146Z] Ошибка polling: ETELEGRAM
[2025-11-19T16:02:12.228Z] Ошибка polling: ETELEGRAM
[2025-11-19T16:02:20.387Z] Ошибка polling: ETELEGRAM
[2025-11-19T16:02:28.607Z] Ошибка polling: ETELEGRAM
[2025-11-19T16:02:36.649Z] Ошибка polling: ETELEGRAM
[2025-11-19T16:02:44.701Z] Ошибка polling: ETELEGRAM
[2025-11-19T16:02:52.722Z] Ошибка polling: ETELEGRAM
[2025-11-19T16:03:01.297Z] Ошибка polling: ETELEGRAM
[2025-11-19T16:03:09.322Z] Ошибка polling: ETELEGRAM
[2025-11-19T16:03:17.737Z] Ошибка polling: ETELEGRAM
[2025-11-19T16:03:25.757Z] Ошибка polling: ETELEGRAM
[2025-11-19T16:03:33.856Z] Ошибка polling: ETELEGRAM
[2025-11-19T16:03:41.846Z] Ошибка polling: ETELEGRAM
[2025-11-19T16:03:49.936Z] Ошибка polling: ETELEGRAM
[2025-11-19T16:03:58.433Z] Ошибка polling: ETELEGRAM
[2025-11-19T16:04:06.595Z] Ошибка polling: ETELEGRAM
[2025-11-19T16:04:14.716Z] Ошибка polling: ETELEGRAM
[2025-11-19T16:04:23.209Z] Ошибка polling: ETELEGRAM
[2025-11-19T16:04:31.322Z] Ошибка polling: ETELEGRAM
[2025-11-19T16:04:39.322Z] Ошибка polling: ETELEGRAM
[2025-11-19T16:04:47.367Z] Ошибка polling: ETELEGRAM
[2025-11-19T16:04:55.357Z] Ошибка polling: ETELEGRAM
[2025-11-19T16:05:03.437Z] Ошибка polling: ETELEGRAM
[2025-11-19T16:05:11.546Z] Ошибка polling: ETELEGRAM
[2025-11-19T16:05:19.625Z] Ошибка polling: ETELEGRAM
[2025-11-19T16:05:27.679Z] Ошибка polling: ETELEGRAM
[2025-11-19T16:05:35.689Z] Ошибка polling: ETELEGRAM
[2025-11-19T16:05:43.688Z] Ошибка polling: ETELEGRAM
[2025-11-19T16:05:51.684Z] Ошибка polling: ETELEGRAM
[2025-11-19T16:06:01.234Z] Ошибка polling: ETELEGRAM
[2025-11-19T16:06:09.608Z] Ошибка polling: ETELEGRAM
[2025-11-19T16:06:17.698Z] Ошибка polling: ETELEGRAM
[2025-11-19T16:06:25.787Z] Ошибка polling: ETELEGRAM
[2025-11-19T16:06:33.979Z] Ошибка polling: ETELEGRAM
[2025-11-19T16:06:42.069Z] Ошибка polling: ETELEGRAM
[2025-11-19T16:06:50.153Z] Ошибка polling: ETELEGRAM
[2025-11-19T16:06:58.350Z] Ошибка polling: ETELEGRAM
[2025-11-19T16:07:06.343Z] Ошибка polling: ETELEGRAM
[2025-11-19T16:07:14.427Z] Ошибка polling: ETELEGRAM
[2025-11-19T16:07:22.517Z] Ошибка polling: ETELEGRAM
[2025-11-19T16:07:30.538Z] Ошибка polling: ETELEGRAM
[2025-11-19T16:07:39.003Z] Ошибка polling: ETELEGRAM
[2025-11-19T16:07:47.195Z] Ошибка polling: ETELEGRAM
[2025-11-19T16:07:55.699Z] Ошибка polling: ETELEGRAM
[2025-11-19T16:08:04.202Z] Ошибка polling: ETELEGRAM
[2025-11-19T16:08:12.385Z] Ошибка polling: ETELEGRAM
[2025-11-19T16:08:20.475Z] Ошибка polling: ETELEGRAM
[2025-11-19T16:08:28.564Z] Ошибка polling: ETELEGRAM
[2025-11-19T16:08:36.722Z] Ошибка polling: ETELEGRAM
[2025-11-19T16:08:44.846Z] Ошибка polling: ETELEGRAM
[2025-11-19T16:08:53.038Z] Ошибка polling: ETELEGRAM
[2025-11-19T16:09:01.548Z] Ошибка polling: ETELEGRAM
[2025-11-19T16:09:09.730Z] Ошибка polling: ETELEGRAM
[2025-11-19T16:09:18.331Z] Ошибка polling: ETELEGRAM
[2025-11-19T16:09:26.933Z] Ошибка polling: ETELEGRAM
[2025-11-19T16:09:35.125Z] Ошибка polling: ETELEGRAM
[2025-11-19T16:09:43.632Z] Ошибка polling: ETELEGRAM
[2025-11-19T16:09:51.781Z] Ошибка polling: ETELEGRAM
[2025-11-19T16:10:00.008Z] Ошибка polling: ETELEGRAM
[2025-11-19T16:10:08.201Z] Ошибка polling: ETELEGRAM
[2025-11-19T16:10:16.699Z] Ошибка polling: ETELEGRAM
[2025-11-19T16:10:24.891Z] Ошибка polling: ETELEGRAM
[2025-11-19T16:10:33.016Z] Ошибка polling: ETELEGRAM
[2025-11-19T16:10:41.402Z] Ошибка polling: ETELEGRAM
[2025-11-19T16:10:49.468Z] Ошибка polling: ETELEGRAM
[2025-11-19T16:10:57.584Z] Ошибка polling: ETELEGRAM
[2025-11-19T16:11:05.648Z] Ошибка polling: ETELEGRAM
[2025-11-19T16:11:13.744Z] Ошибка polling: ETELEGRAM
[2025-11-19T16:11:22.214Z] Ошибка polling: ETELEGRAM
[2025-11-19T16:11:30.427Z] Ошибка polling: ETELEGRAM
[2025-11-19T16:11:38.517Z] Ошибка polling: ETELEGRAM
[2025-11-19T16:11:46.812Z] Ошибка polling: ETELEGRAM
[2025-11-19T16:11:54.924Z] Ошибка polling: ETELEGRAM
[2025-11-19T16:12:02.978Z] Ошибка polling: ETELEGRAM
[2025-11-19T16:12:11.334Z] Ошибка polling: ETELEGRAM
[2025-11-19T16:12:19.835Z] Ошибка polling: ETELEGRAM
[2025-11-19T16:12:27.926Z] Ошибка polling: ETELEGRAM
[2025-11-19T16:12:36.079Z] Ошибка polling: ETELEGRAM
[2025-11-19T16:12:44.156Z] Ошибка polling: ETELEGRAM
[2025-11-19T16:12:52.348Z] Ошибка polling: ETELEGRAM
[2025-11-19T16:13:00.390Z] Ошибка polling: ETELEGRAM
[2025-11-19T16:13:08.552Z] Ошибка polling: ETELEGRAM
[2025-11-19T16:13:16.721Z] Ошибка polling: ETELEGRAM
[2025-11-19T16:13:24.826Z] Ошибка polling: ETELEGRAM
[2025-11-19T16:13:32.898Z] Ошибка polling: ETELEGRAM
[2025-11-19T16:13:41.090Z] Ошибка polling: ETELEGRAM
[2025-11-19T16:13:49.457Z] Ошибка polling: ETELEGRAM
[2025-11-19T16:13:57.491Z] Ошибка polling: ETELEGRAM
[2025-11-19T16:14:05.594Z] Ошибка polling: ETELEGRAM
[2025-11-19T16:14:14.259Z] Ошибка polling: ETELEGRAM
[2025-11-19T16:14:22.870Z] Ошибка polling: ETELEGRAM
[2025-11-19T16:14:30.965Z] Ошибка polling: ETELEGRAM
[2025-11-19T16:14:39.049Z] Ошибка polling: ETELEGRAM
[2025-11-19T16:14:47.086Z] Ошибка polling: ETELEGRAM
[2025-11-19T16:14:55.115Z] Ошибка polling: ETELEGRAM
[2025-11-19T16:15:03.230Z] Ошибка polling: ETELEGRAM
[2025-11-19T16:15:11.714Z] Ошибка polling: ETELEGRAM
[2025-11-19T16:15:20.320Z] Ошибка polling: ETELEGRAM
[2025-11-19T16:15:28.610Z] Ошибка polling: ETELEGRAM
[2025-11-19T16:15:36.905Z] Ошибка polling: ETELEGRAM
[2025-11-19T16:15:45.372Z] Ошибка polling: ETELEGRAM
[2025-11-19T16:15:53.801Z] Ошибка polling: ETELEGRAM
[2025-11-19T16:16:02.095Z] Ошибка polling: ETELEGRAM
[2025-11-19T16:16:10.287Z] Ошибка polling: ETELEGRAM
[2025-11-19T16:16:18.684Z] Ошибка polling: ETELEGRAM
[2025-11-19T16:16:26.837Z] Ошибка polling: ETELEGRAM
[2025-11-19T16:16:35.112Z] Ошибка polling: ETELEGRAM
[2025-11-19T16:16:43.559Z] Ошибка polling: ETELEGRAM
[2025-11-19T16:16:51.761Z] Ошибка polling: ETELEGRAM
[2025-11-19T16:17:00.056Z] Ошибка polling: ETELEGRAM
[2025-11-19T16:17:08.246Z] Ошибка polling: ETELEGRAM
[2025-11-19T16:17:16.302Z] Ошибка polling: ETELEGRAM
[2025-11-19T16:17:24.373Z] Ошибка polling: ETELEGRAM
[2025-11-19T16:17:32.617Z] Ошибка polling: ETELEGRAM
[2025-11-19T16:17:40.923Z] Ошибка polling: ETELEGRAM
[2025-11-19T16:17:49.207Z] Ошибка polling: ETELEGRAM
[2025-11-19T16:17:57.399Z] Ошибка polling: ETELEGRAM
[2025-11-19T16:18:05.591Z] Ошибка polling: ETELEGRAM
[2025-11-19T16:18:13.712Z] Ошибка polling: ETELEGRAM
[2025-11-19T16:18:21.871Z] Ошибка polling: ETELEGRAM
[2025-11-19T16:18:30.063Z] Ошибка polling: ETELEGRAM
[2025-11-19T16:18:38.156Z] Ошибка polling: ETELEGRAM
[2025-11-19T16:18:46.720Z] Ошибка polling: ETELEGRAM
[2025-11-19T16:18:54.844Z] Ошибка polling: ETELEGRAM
[2025-11-19T16:19:03.167Z] Ошибка polling: ETELEGRAM
[2025-11-19T16:19:11.536Z] Ошибка polling: ETELEGRAM
[2025-11-19T16:19:19.676Z] Ошибка polling: ETELEGRAM
[2025-11-19T16:19:27.733Z] Ошибка polling: ETELEGRAM
[2025-11-19T16:19:35.818Z] Ошибка polling: ETELEGRAM
[2025-11-19T16:19:43.995Z] Ошибка polling: ETELEGRAM
[2025-11-19T16:19:52.336Z] Ошибка polling: ETELEGRAM
[2025-11-19T16:20:00.326Z] Ошибка polling: ETELEGRAM
[2025-11-19T16:20:08.880Z] Ошибка polling: ETELEGRAM
[2025-11-19T16:20:16.938Z] Ошибка polling: ETELEGRAM
[2025-11-19T16:20:24.943Z] Ошибка polling: ETELEGRAM
[2025-11-19T16:20:33.373Z] Ошибка polling: ETELEGRAM
[2025-11-19T16:20:41.424Z] Ошибка polling: ETELEGRAM
[2025-11-19T16:20:49.403Z] Ошибка polling: ETELEGRAM
[2025-11-19T16:20:57.418Z] Ошибка polling: ETELEGRAM
[2025-11-19T16:21:05.494Z] Ошибка polling: ETELEGRAM
[2025-11-19T16:21:13.590Z] Ошибка polling: ETELEGRAM
[2025-11-19T16:21:21.919Z] Ошибка polling: ETELEGRAM
[2025-11-19T16:21:29.951Z] Ошибка polling: ETELEGRAM
[2025-11-19T16:21:38.029Z] Ошибка polling: ETELEGRAM
[2025-11-19T16:21:46.104Z] Ошибка polling: ETELEGRAM
[2025-11-19T16:21:54.138Z] Ошибка polling: ETELEGRAM
[2025-11-19T16:22:02.188Z] Ошибка polling: ETELEGRAM
[2025-11-19T16:22:10.203Z] Ошибка polling: ETELEGRAM
[2025-11-19T16:22:18.468Z] Ошибка polling: ETELEGRAM
[2025-11-19T16:22:26.554Z] Ошибка polling: ETELEGRAM
[2025-11-19T16:22:35.059Z] Ошибка polling: ETELEGRAM
[2025-11-19T16:22:43.146Z] Ошибка polling: ETELEGRAM
[2025-11-19T16:22:51.482Z] Ошибка polling: ETELEGRAM
[2025-11-19T16:22:59.634Z] Ошибка polling: ETELEGRAM
[2025-11-19T16:23:07.826Z] Ошибка polling: ETELEGRAM
[2025-11-19T16:23:15.883Z] Ошибка polling: ETELEGRAM
[2025-11-19T16:23:23.901Z] Ошибка polling: ETELEGRAM
[2025-11-19T16:23:32.093Z] Ошибка polling: ETELEGRAM
[2025-11-19T16:23:40.284Z] Ошибка polling: ETELEGRAM
[2025-11-19T16:23:48.303Z] Ошибка polling: ETELEGRAM
[2025-11-19T16:23:56.464Z] Ошибка polling: ETELEGRAM
[2025-11-19T16:24:04.482Z] Ошибка polling: ETELEGRAM
[2025-11-19T16:24:12.951Z] Ошибка polling: ETELEGRAM
[2025-11-19T16:24:21.659Z] Ошибка polling: ETELEGRAM
[2025-11-19T16:24:29.969Z] Ошибка polling: ETELEGRAM
[2025-11-19T16:24:38.040Z] Ошибка polling: ETELEGRAM
[2025-11-19T16:24:46.603Z] Ошибка polling: ETELEGRAM
[2025-11-19T16:24:55.014Z] Ошибка polling: ETELEGRAM
[2025-11-19T16:25:03.078Z] Ошибка polling: ETELEGRAM
[2025-11-19T16:25:11.294Z] Ошибка polling: ETELEGRAM
[2025-11-19T16:25:19.497Z] Ошибка polling: ETELEGRAM
[2025-11-19T16:25:27.724Z] Ошибка polling: ETELEGRAM
[2025-11-19T16:25:36.118Z] Ошибка polling: ETELEGRAM
[2025-11-19T16:25:44.291Z] Ошибка polling: ETELEGRAM
[2025-11-19T16:25:53.344Z] Ошибка polling: ETELEGRAM
[2025-11-19T16:26:02.012Z] Ошибка polling: ETELEGRAM
[2025-11-19T16:26:10.186Z] Ошибка polling: ETELEGRAM
[2025-11-19T16:26:18.496Z] Ошибка polling: ETELEGRAM
[2025-11-19T16:26:26.787Z] Ошибка polling: ETELEGRAM
[2025-11-19T16:26:34.935Z] Ошибка polling: ETELEGRAM
[2025-11-19T16:26:43.071Z] Ошибка polling: ETELEGRAM
[2025-11-19T16:26:51.160Z] Ошибка polling: ETELEGRAM
[2025-11-19T16:26:59.213Z] Ошибка polling: ETELEGRAM
[2025-11-19T16:27:07.439Z] Ошибка polling: ETELEGRAM
[2025-11-19T16:27:15.877Z] Ошибка polling: ETELEGRAM
[2025-11-19T16:27:24.087Z] Ошибка polling: ETELEGRAM
[2025-11-19T16:27:32.322Z] Ошибка polling: ETELEGRAM
[2025-11-19T16:27:40.514Z] Ошибка polling: ETELEGRAM
[2025-11-19T16:27:48.670Z] Ошибка polling: ETELEGRAM
[2025-11-19T16:27:57.252Z] Ошибка polling: ETELEGRAM
[2025-11-19T16:28:05.435Z] Ошибка polling: ETELEGRAM
[2025-11-19T16:28:14.103Z] Ошибка polling: ETELEGRAM
[2025-11-19T16:28:22.387Z] Ошибка polling: ETELEGRAM
[2025-11-19T16:28:30.587Z] Ошибка polling: ETELEGRAM
[2025-11-19T16:28:38.651Z] Ошибка polling: ETELEGRAM
[2025-11-19T16:49:07.738Z] Ошибка polling: EFATAL
[2025-11-19T16:49:16.418Z] Ошибка polling: ETELEGRAM
[2025-11-19T16:49:25.683Z] Ошибка polling: ETELEGRAM
[2025-11-19T16:49:33.847Z] Ошибка polling: ETELEGRAM
[2025-11-19T16:49:42.013Z] Ошибка polling: ETELEGRAM
[2025-11-19T16:49:50.141Z] Ошибка polling: ETELEGRAM
[2025-11-19T16:49:58.336Z] Ошибка polling: ETELEGRAM
[2025-11-19T16:50:06.506Z] Ошибка polling: ETELEGRAM
[2025-11-19T16:50:14.645Z] Ошибка polling: ETELEGRAM
[2025-11-19T16:50:22.761Z] Ошибка polling: ETELEGRAM
[2025-11-19T16:50:31.350Z] Ошибка polling: ETELEGRAM
[2025-11-19T16:50:39.663Z] Ошибка polling: ETELEGRAM
[2025-11-19T16:50:47.791Z] Ошибка polling: ETELEGRAM
[2025-11-19T16:50:56.104Z] Ошибка polling: ETELEGRAM
[2025-11-19T16:51:05.128Z] Ошибка polling: ETELEGRAM
[2025-11-19T16:51:13.301Z] Ошибка polling: ETELEGRAM
[2025-11-19T16:51:21.692Z] Ошибка polling: ETELEGRAM
[2025-11-19T16:51:30.295Z] Ошибка polling: ETELEGRAM
[2025-11-19T16:51:38.550Z] Ошибка polling: ETELEGRAM
[2025-11-19T16:51:46.609Z] Ошибка polling: ETELEGRAM
[2025-11-19T16:51:54.893Z] Ошибка polling: ETELEGRAM
[2025-11-19T16:52:02.986Z] Ошибка polling: ETELEGRAM
[2025-11-19T16:52:11.118Z] Ошибка polling: ETELEGRAM
[2025-11-19T16:52:19.643Z] Ошибка polling: ETELEGRAM
[2025-11-19T16:52:28.224Z] Ошибка polling: ETELEGRAM
[2025-11-19T16:52:36.443Z] Ошибка polling: ETELEGRAM
[2025-11-19T16:52:44.582Z] Ошибка polling: ETELEGRAM
[2025-11-19T16:52:53.363Z] Ошибка polling: ETELEGRAM
[2025-11-19T16:53:02.374Z] Ошибка polling: ETELEGRAM
[2025-11-19T16:53:10.852Z] Ошибка polling: ETELEGRAM
[2025-11-19T16:53:18.963Z] Ошибка polling: ETELEGRAM
[2025-11-19T16:53:27.220Z] Ошибка polling: ETELEGRAM
[2025-11-19T16:53:35.433Z] Ошибка polling: ETELEGRAM
[2025-11-19T16:53:44.357Z] Ошибка polling: ETELEGRAM
[2025-11-19T16:53:54.348Z] Ошибка polling: ETELEGRAM
[2025-11-19T16:54:02.476Z] Ошибка polling: ETELEGRAM
[2025-11-19T16:54:10.596Z] Ошибка polling: ETELEGRAM
[2025-11-19T16:54:18.636Z] Ошибка polling: ETELEGRAM
[2025-11-19T16:54:26.804Z] Ошибка polling: ETELEGRAM
[2025-11-19T16:54:34.842Z] Ошибка polling: ETELEGRAM
[2025-11-19T16:54:42.877Z] Ошибка polling: ETELEGRAM
[2025-11-19T16:54:50.940Z] Ошибка polling: ETELEGRAM
[2025-11-19T16:54:59.538Z] Ошибка polling: ETELEGRAM
[2025-11-19T16:55:07.680Z] Ошибка polling: ETELEGRAM
[2025-11-19T16:55:15.874Z] Ошибка polling: ETELEGRAM
[2025-11-19T16:55:24.001Z] Ошибка polling: ETELEGRAM
[2025-11-19T16:55:32.136Z] Ошибка polling: ETELEGRAM
[2025-11-19T16:55:40.685Z] Ошибка polling: ETELEGRAM
[2025-11-19T16:55:48.876Z] Ошибка polling: ETELEGRAM
[2025-11-19T16:55:57.010Z] Ошибка polling: ETELEGRAM
[2025-11-19T16:56:05.184Z] Ошибка polling: ETELEGRAM
[2025-11-19T16:56:13.448Z] Ошибка polling: ETELEGRAM
[2025-11-19T16:56:21.531Z] Ошибка polling: ETELEGRAM
[2025-11-19T16:56:29.671Z] Ошибка polling: ETELEGRAM
[2025-11-19T16:56:38.230Z] Ошибка polling: ETELEGRAM
[2025-11-19T16:56:46.631Z] Ошибка polling: ETELEGRAM
[2025-11-19T16:56:55.003Z] Ошибка polling: ETELEGRAM
[2025-11-19T16:57:04.439Z] Ошибка polling: ETELEGRAM
[2025-11-19T16:57:12.634Z] Ошибка polling: ETELEGRAM
[2025-11-19T16:57:21.237Z] Ошибка polling: ETELEGRAM
[2025-11-19T16:57:29.368Z] Ошибка polling: ETELEGRAM
[2025-11-19T16:57:37.492Z] Ошибка polling: ETELEGRAM
[2025-11-19T16:57:45.678Z] Ошибка polling: ETELEGRAM
[2025-11-19T16:57:53.863Z] Ошибка polling: ETELEGRAM
[2025-11-19T16:58:01.896Z] Ошибка polling: ETELEGRAM
[2025-11-19T16:58:10.013Z] Ошибка polling: ETELEGRAM
[2025-11-19T16:58:18.211Z] Ошибка polling: ETELEGRAM
[2025-11-19T16:58:27.039Z] Ошибка polling: ETELEGRAM
[2025-11-19T16:58:35.041Z] Ошибка polling: ETELEGRAM
[2025-11-19T16:58:43.020Z] Ошибка polling: ETELEGRAM
[2025-11-19T16:58:51.047Z] Ошибка polling: ETELEGRAM
[2025-11-19T16:58:59.230Z] Ошибка polling: ETELEGRAM
[2025-11-19T16:59:07.328Z] Ошибка polling: ETELEGRAM
[2025-11-19T16:59:15.659Z] Ошибка polling: ETELEGRAM
[2025-11-19T16:59:23.703Z] Ошибка polling: ETELEGRAM
[2025-11-19T16:59:31.721Z] Ошибка polling: ETELEGRAM
[2025-11-19T16:59:40.203Z] Ошибка polling: ETELEGRAM
[2025-11-19T16:59:48.279Z] Ошибка polling: ETELEGRAM
[2025-11-19T16:59:56.785Z] Ошибка polling: ETELEGRAM
[2025-11-19T17:00:04.794Z] Ошибка polling: ETELEGRAM
[2025-11-19T17:00:12.854Z] Ошибка polling: ETELEGRAM
[2025-11-19T17:00:21.298Z] Ошибка polling: ETELEGRAM
[2025-11-19T17:00:29.324Z] Ошибка polling: ETELEGRAM
[2025-11-19T17:00:38.230Z] Ошибка polling: ETELEGRAM
[2025-11-19T17:00:46.384Z] Ошибка polling: ETELEGRAM
[2025-11-19T17:00:54.428Z] Ошибка polling: ETELEGRAM
[2025-11-19T17:01:02.614Z] Ошибка polling: ETELEGRAM
[2025-11-19T17:01:10.611Z] Ошибка polling: ETELEGRAM
[2025-11-19T17:01:18.597Z] Ошибка polling: ETELEGRAM
[2025-11-19T17:01:27.036Z] Ошибка polling: ETELEGRAM
[2025-11-19T17:01:35.072Z] Ошибка polling: ETELEGRAM
[2025-11-19T17:01:43.974Z] Ошибка polling: ETELEGRAM
[2025-11-19T17:01:51.995Z] Ошибка polling: ETELEGRAM
[2025-11-19T17:02:00.792Z] Ошибка polling: ETELEGRAM
[2025-11-19T17:02:08.816Z] Ошибка polling: ETELEGRAM
[2025-11-19T17:02:17.367Z] Ошибка polling: ETELEGRAM
[2025-11-19T17:02:25.441Z] Ошибка polling: ETELEGRAM
[2025-11-19T17:02:33.515Z] Ошибка polling: ETELEGRAM
[2025-11-19T17:02:41.532Z] Ошибка polling: ETELEGRAM
[2025-11-19T17:02:49.617Z] Ошибка polling: ETELEGRAM
[2025-11-19T17:02:58.429Z] Ошибка polling: ETELEGRAM
[2025-11-19T17:03:06.781Z] Ошибка polling: ETELEGRAM
[2025-11-19T17:03:14.818Z] Ошибка polling: ETELEGRAM
[2025-11-19T17:03:22.901Z] Ошибка polling: ETELEGRAM
[2025-11-19T17:03:30.956Z] Ошибка polling: ETELEGRAM
[2025-11-19T17:03:38.939Z] Ошибка polling: ETELEGRAM
[2025-11-19T17:03:46.965Z] Ошибка polling: ETELEGRAM
[2025-11-19T17:03:55.021Z] Ошибка polling: ETELEGRAM
[2025-11-19T17:04:03.029Z] Ошибка polling: ETELEGRAM
[2025-11-19T17:04:11.428Z] Ошибка polling: ETELEGRAM
[2025-11-19T17:04:19.427Z] Ошибка polling: ETELEGRAM
[2025-11-19T17:04:27.468Z] Ошибка polling: ETELEGRAM
[2025-11-19T17:04:35.574Z] Ошибка polling: ETELEGRAM
[2025-11-19T17:04:43.674Z] Ошибка polling: ETELEGRAM
[2025-11-19T17:04:51.677Z] Ошибка polling: ETELEGRAM
[2025-11-19T17:04:59.770Z] Ошибка polling: ETELEGRAM
[2025-11-19T17:05:07.751Z] Ошибка polling: ETELEGRAM
[2025-11-19T17:05:15.766Z] Ошибка polling: ETELEGRAM
[2025-11-19T17:05:23.938Z] Ошибка polling: ETELEGRAM
[2025-11-19T17:05:32.085Z] Ошибка polling: ETELEGRAM
[2025-11-19T17:05:40.071Z] Ошибка polling: ETELEGRAM
[2025-11-19T17:05:48.096Z] Ошибка polling: ETELEGRAM
[2025-11-19T17:05:56.089Z] Ошибка polling: ETELEGRAM
[2025-11-19T17:06:04.114Z] Ошибка polling: ETELEGRAM
[2025-11-19T17:06:12.114Z] Ошибка polling: ETELEGRAM
[2025-11-19T17:06:20.256Z] Ошибка polling: ETELEGRAM
[2025-11-19T17:06:28.345Z] Ошибка polling: ETELEGRAM
[2025-11-19T17:06:36.415Z] Ошибка polling: ETELEGRAM
[2025-11-19T17:06:44.444Z] Ошибка polling: ETELEGRAM
[2025-11-19T17:06:52.445Z] Ошибка polling: ETELEGRAM
[2025-11-19T17:07:00.469Z] Ошибка polling: ETELEGRAM
[2025-11-19T17:07:08.508Z] Ошибка polling: ETELEGRAM
[2025-11-19T17:07:16.509Z] Ошибка polling: ETELEGRAM
[2025-11-19T17:07:25.073Z] Ошибка polling: ETELEGRAM
[2025-11-19T17:07:35.913Z] Ошибка polling: ETELEGRAM
[2025-11-19T17:07:44.314Z] Ошибка polling: ETELEGRAM
[2025-11-19T17:07:52.414Z] Ошибка polling: ETELEGRAM
[2025-11-19T17:08:01.672Z] Ошибка polling: ETELEGRAM
[2025-11-19T17:08:10.459Z] Ошибка polling: ETELEGRAM
[2025-11-19T17:08:19.141Z] Ошибка polling: ETELEGRAM
[2025-11-19T17:08:27.606Z] Ошибка polling: ETELEGRAM
[2025-11-19T17:08:35.726Z] Ошибка polling: ETELEGRAM
[2025-11-19T17:08:43.918Z] Ошибка polling: ETELEGRAM
[2025-11-19T17:08:52.213Z] Ошибка polling: ETELEGRAM
[2025-11-19T17:09:00.405Z] Ошибка polling: ETELEGRAM
[2025-11-19T17:09:08.651Z] Ошибка polling: ETELEGRAM
[2025-11-19T17:09:16.777Z] Ошибка polling: ETELEGRAM
[2025-11-19T17:09:25.082Z] Ошибка polling: ETELEGRAM
[2025-11-19T17:09:33.274Z] Ошибка polling: ETELEGRAM
[2025-11-19T17:09:41.425Z] Ошибка polling: ETELEGRAM
[2025-11-19T17:09:49.658Z] Ошибка polling: ETELEGRAM
[2025-11-19T17:09:58.056Z] Ошибка polling: ETELEGRAM
[2025-11-19T17:10:06.251Z] Ошибка polling: ETELEGRAM
[2025-11-19T17:10:14.459Z] Ошибка polling: ETELEGRAM
[2025-11-19T17:10:23.049Z] Ошибка polling: ETELEGRAM
[2025-11-19T17:10:31.990Z] Ошибка polling: ETELEGRAM
[2025-11-19T17:10:40.139Z] Ошибка polling: ETELEGRAM
[2025-11-19T17:10:48.331Z] Ошибка polling: ETELEGRAM
[2025-11-19T17:10:56.524Z] Ошибка polling: ETELEGRAM
[2025-11-19T17:11:04.920Z] Ошибка polling: ETELEGRAM
[2025-11-19T17:11:13.373Z] Ошибка polling: ETELEGRAM
[2025-11-19T17:11:21.533Z] Ошибка polling: ETELEGRAM
[2025-11-19T17:11:29.709Z] Ошибка polling: ETELEGRAM
[2025-11-19T17:11:37.893Z] Ошибка polling: ETELEGRAM
[2025-11-19T17:11:46.002Z] Ошибка polling: ETELEGRAM
[2025-11-19T17:11:54.578Z] Ошибка polling: ETELEGRAM
[2025-11-19T17:12:03.548Z] Ошибка polling: ETELEGRAM
[2025-11-19T17:12:12.707Z] Ошибка polling: ETELEGRAM
[2025-11-19T17:12:21.207Z] Ошибка polling: ETELEGRAM
[2025-11-19T17:12:29.706Z] Ошибка polling: ETELEGRAM
[2025-11-19T17:12:37.972Z] Ошибка polling: ETELEGRAM
[2025-11-19T17:12:46.558Z] Ошибка polling: ETELEGRAM
[2025-11-19T17:12:55.198Z] Ошибка polling: ETELEGRAM
[2025-11-19T17:13:03.342Z] Ошибка polling: ETELEGRAM
[2025-11-19T17:13:11.432Z] Ошибка polling: ETELEGRAM
[2025-11-19T17:13:19.880Z] Ошибка polling: ETELEGRAM
[2025-11-19T17:13:28.175Z] Ошибка polling: ETELEGRAM
[2025-11-19T17:13:36.471Z] Ошибка polling: ETELEGRAM
[2025-11-19T17:13:45.372Z] Ошибка polling: ETELEGRAM
[2025-11-19T17:13:53.466Z] Ошибка polling: ETELEGRAM
[2025-11-19T17:14:02.887Z] Ошибка polling: ETELEGRAM
[2025-11-19T17:14:11.000Z] Ошибка polling: ETELEGRAM
[2025-11-19T17:14:19.067Z] Ошибка polling: ETELEGRAM
[2025-11-19T17:14:27.209Z] Ошибка polling: ETELEGRAM
[2025-11-19T17:14:35.450Z] Ошибка polling: ETELEGRAM
[2025-11-19T17:14:43.949Z] Ошибка polling: ETELEGRAM
[2025-11-19T17:14:52.038Z] Ошибка polling: ETELEGRAM
[2025-11-19T17:15:00.553Z] Ошибка polling: ETELEGRAM
[2025-11-19T17:15:08.614Z] Ошибка polling: ETELEGRAM
[2025-11-19T17:15:16.821Z] Ошибка polling: ETELEGRAM
[2025-11-19T17:15:25.358Z] Ошибка polling: ETELEGRAM
[2025-11-19T17:15:33.593Z] Ошибка polling: ETELEGRAM
[2025-11-19T17:15:41.713Z] Ошибка polling: ETELEGRAM
[2025-11-19T17:15:49.987Z] Ошибка polling: ETELEGRAM
[2025-11-19T17:15:58.187Z] Ошибка polling: ETELEGRAM
[2025-11-19T17:16:06.295Z] Ошибка polling: ETELEGRAM
[2025-11-19T17:16:14.392Z] Ошибка polling: ETELEGRAM
[2025-11-19T17:16:22.455Z] Ошибка polling: ETELEGRAM
[2025-11-19T17:16:30.750Z] Ошибка polling: ETELEGRAM
[2025-11-19T17:16:39.023Z] Ошибка polling: ETELEGRAM
[2025-11-19T17:16:47.544Z] Ошибка polling: ETELEGRAM
[2025-11-19T17:16:56.917Z] Ошибка polling: ETELEGRAM
[2025-11-19T17:17:05.127Z] Ошибка polling: ETELEGRAM
[2025-11-19T17:17:13.709Z] Ошибка polling: ETELEGRAM
[2025-11-19T17:17:21.820Z] Ошибка polling: ETELEGRAM
[2025-11-19T17:17:29.997Z] Ошибка polling: ETELEGRAM
[2025-11-19T17:17:38.292Z] Ошибка polling: ETELEGRAM
[2025-11-19T17:17:46.348Z] Ошибка polling: ETELEGRAM
[2025-11-19T17:17:54.891Z] Ошибка polling: ETELEGRAM
[2025-11-19T17:18:02.965Z] Ошибка polling: ETELEGRAM
[2025-11-19T17:18:11.778Z] Ошибка polling: ETELEGRAM
[2025-11-19T17:18:19.961Z] Ошибка polling: ETELEGRAM
[2025-11-19T17:18:28.432Z] Ошибка polling: ETELEGRAM
[2025-11-19T17:18:36.532Z] Ошибка polling: ETELEGRAM
[2025-11-19T17:18:44.638Z] Ошибка polling: ETELEGRAM
[2025-11-19T17:18:52.678Z] Ошибка polling: ETELEGRAM
[2025-11-19T17:19:00.807Z] Ошибка polling: ETELEGRAM
[2025-11-19T17:19:08.827Z] Ошибка polling: ETELEGRAM
[2025-11-19T17:19:17.373Z] Ошибка polling: ETELEGRAM
[2025-11-19T17:19:26.175Z] Ошибка polling: ETELEGRAM
[2025-11-19T17:19:34.397Z] Ошибка polling: ETELEGRAM
[2025-11-19T17:19:43.007Z] Ошибка polling: ETELEGRAM
[2025-11-19T17:19:51.781Z] Ошибка polling: ETELEGRAM
[2025-11-19T17:20:01.100Z] Ошибка polling: ETELEGRAM
[2025-11-19T17:20:09.423Z] Ошибка polling: ETELEGRAM
[2025-11-19T17:20:18.635Z] Ошибка polling: ETELEGRAM
[2025-11-19T17:20:26.778Z] Ошибка polling: ETELEGRAM
[2025-11-19T17:20:34.974Z] Ошибка polling: ETELEGRAM
[2025-11-19T17:20:43.113Z] Ошибка polling: ETELEGRAM
[2025-11-19T17:20:51.840Z] Ошибка polling: ETELEGRAM
[2025-11-19T17:20:59.892Z] Ошибка polling: ETELEGRAM
[2025-11-19T17:21:08.232Z] Ошибка polling: ETELEGRAM
[2025-11-19T17:21:16.665Z] Ошибка polling: ETELEGRAM
[2025-11-19T17:21:27.603Z] Ошибка polling: ETELEGRAM
[2025-11-19T17:21:36.658Z] Ошибка polling: ETELEGRAM
[2025-11-19T17:21:45.153Z] Ошибка polling: ETELEGRAM
[2025-11-19T17:21:53.332Z] Ошибка polling: ETELEGRAM
[2025-11-19T17:22:02.206Z] Ошибка polling: ETELEGRAM
[2025-11-19T17:22:10.456Z] Ошибка polling: ETELEGRAM
[2025-11-19T17:22:19.058Z] Ошибка polling: ETELEGRAM
[2025-11-19T17:22:27.793Z] Ошибка polling: ETELEGRAM
[2025-11-19T17:22:36.261Z] Ошибка polling: ETELEGRAM
[2025-11-19T17:22:45.028Z] Ошибка polling: ETELEGRAM
[2025-11-19T17:22:53.565Z] Ошибка polling: ETELEGRAM
[2025-11-19T17:23:01.734Z] Ошибка polling: ETELEGRAM
[2025-11-19T17:23:09.847Z] Ошибка polling: ETELEGRAM
[2025-11-19T17:23:17.941Z] Ошибка polling: ETELEGRAM
[2025-11-19T17:23:26.180Z] Ошибка polling: ETELEGRAM
[2025-11-19T17:23:34.241Z] Ошибка polling: ETELEGRAM
[2025-11-19T17:23:42.306Z] Ошибка polling: ETELEGRAM
[2025-11-19T17:23:50.540Z] Ошибка polling: ETELEGRAM
[2025-11-19T17:23:59.039Z] Ошибка polling: ETELEGRAM
[2025-11-19T17:24:07.190Z] Ошибка polling: ETELEGRAM
[2025-11-19T17:24:15.774Z] Ошибка polling: ETELEGRAM
[2025-11-19T17:24:23.869Z] Ошибка polling: ETELEGRAM
[2025-11-19T17:24:32.395Z] Ошибка polling: ETELEGRAM
[2025-11-19T17:24:40.714Z] Ошибка polling: ETELEGRAM
[2025-11-19T17:24:49.282Z] Ошибка polling: ETELEGRAM
[2025-11-19T17:24:57.654Z] Ошибка polling: ETELEGRAM
[2025-11-19T17:25:06.606Z] Ошибка polling: ETELEGRAM
[2025-11-19T17:25:14.796Z] Ошибка polling: ETELEGRAM
[2025-11-19T17:25:22.937Z] Ошибка polling: ETELEGRAM
